[INFO  - 2020-06-26T20:03:29.026Z] GhostDriver - Main - running on port 22407
[INFO  - 2020-06-26T20:03:29.873Z] Session [1ad4f0c0-b7e8-11ea-b13c-41847262bab2] - page.settings - {"XSSAuditingEnabled":false,"javascriptCanCloseWindows":true,"javascriptCanOpenWindows":true,"javascriptEnabled":true,"loadImages":true,"localToRemoteUrlAccessEnabled":false,"userAgent":"Mozilla/5.0 (Windows NT 6.2; WOW64) AppleWebKit/538.1 (KHTML, like Gecko) PhantomJS/2.1.1 Safari/538.1","webSecurityEnabled":true}
[INFO  - 2020-06-26T20:03:29.873Z] Session [1ad4f0c0-b7e8-11ea-b13c-41847262bab2] - page.customHeaders:  - {}
[INFO  - 2020-06-26T20:03:29.874Z] Session [1ad4f0c0-b7e8-11ea-b13c-41847262bab2] - Session.negotiatedCapabilities - {"browserName":"phantomjs","version":"2.1.1","driverName":"ghostdriver","driverVersion":"1.2.0","platform":"windows-10-32bit","javascriptEnabled":true,"takesScreenshot":true,"handlesAlerts":false,"databaseEnabled":false,"locationContextEnabled":false,"applicationCacheEnabled":false,"browserConnectionEnabled":false,"cssSelectorsEnabled":true,"webStorageEnabled":false,"rotatable":false,"acceptSslCerts":false,"nativeEvents":true,"proxy":{"proxyType":"direct"}}
[INFO  - 2020-06-26T20:03:29.874Z] SessionManagerReqHand - _postNewSessionCommand - New Session Created: 1ad4f0c0-b7e8-11ea-b13c-41847262bab2
[INFO  - 2020-06-26T20:08:29.272Z] SessionManagerReqHand - _cleanupWindowlessSessions - Asynchronous Sessions clean-up phase starting NOW
[INFO  - 2020-06-26T20:08:29.274Z] SessionManagerReqHand - _cleanupWindowlessSessions - Deleted Session '1ad4f0c0-b7e8-11ea-b13c-41847262bab2', because windowless
[INFO  - 2020-06-27T03:38:58.927Z] GhostDriver - Main - running on port 11882
[INFO  - 2020-06-27T03:38:59.280Z] Session [bc6ce570-b827-11ea-a53f-bfe12e3cc8f1] - page.settings - {"XSSAuditingEnabled":false,"javascriptCanCloseWindows":true,"javascriptCanOpenWindows":true,"javascriptEnabled":true,"loadImages":true,"localToRemoteUrlAccessEnabled":false,"userAgent":"Mozilla/5.0 (Windows NT 6.2; WOW64) AppleWebKit/538.1 (KHTML, like Gecko) PhantomJS/2.1.1 Safari/538.1","webSecurityEnabled":true}
[INFO  - 2020-06-27T03:38:59.280Z] Session [bc6ce570-b827-11ea-a53f-bfe12e3cc8f1] - page.customHeaders:  - {}
[INFO  - 2020-06-27T03:38:59.281Z] Session [bc6ce570-b827-11ea-a53f-bfe12e3cc8f1] - Session.negotiatedCapabilities - {"browserName":"phantomjs","version":"2.1.1","driverName":"ghostdriver","driverVersion":"1.2.0","platform":"windows-10-32bit","javascriptEnabled":true,"takesScreenshot":true,"handlesAlerts":false,"databaseEnabled":false,"locationContextEnabled":false,"applicationCacheEnabled":false,"browserConnectionEnabled":false,"cssSelectorsEnabled":true,"webStorageEnabled":false,"rotatable":false,"acceptSslCerts":false,"nativeEvents":true,"proxy":{"proxyType":"direct"}}
[INFO  - 2020-06-27T03:38:59.281Z] SessionManagerReqHand - _postNewSessionCommand - New Session Created: bc6ce570-b827-11ea-a53f-bfe12e3cc8f1
[INFO  - 2020-06-27T03:39:17.082Z] ShutdownReqHand - _handle - About to shutdown
[INFO  - 2020-06-27T03:39:19.392Z] GhostDriver - Main - running on port 39592
[INFO  - 2020-06-27T03:39:19.506Z] Session [c879eb10-b827-11ea-aef1-b902544449c5] - page.settings - {"XSSAuditingEnabled":false,"javascriptCanCloseWindows":true,"javascriptCanOpenWindows":true,"javascriptEnabled":true,"loadImages":true,"localToRemoteUrlAccessEnabled":false,"userAgent":"Mozilla/5.0 (Windows NT 6.2; WOW64) AppleWebKit/538.1 (KHTML, like Gecko) PhantomJS/2.1.1 Safari/538.1","webSecurityEnabled":true}
[INFO  - 2020-06-27T03:39:19.506Z] Session [c879eb10-b827-11ea-aef1-b902544449c5] - page.customHeaders:  - {}
[INFO  - 2020-06-27T03:39:19.506Z] Session [c879eb10-b827-11ea-aef1-b902544449c5] - Session.negotiatedCapabilities - {"browserName":"phantomjs","version":"2.1.1","driverName":"ghostdriver","driverVersion":"1.2.0","platform":"windows-10-32bit","javascriptEnabled":true,"takesScreenshot":true,"handlesAlerts":false,"databaseEnabled":false,"locationContextEnabled":false,"applicationCacheEnabled":false,"browserConnectionEnabled":false,"cssSelectorsEnabled":true,"webStorageEnabled":false,"rotatable":false,"acceptSslCerts":false,"nativeEvents":true,"proxy":{"proxyType":"direct"}}
[INFO  - 2020-06-27T03:39:19.507Z] SessionManagerReqHand - _postNewSessionCommand - New Session Created: c879eb10-b827-11ea-aef1-b902544449c5
[INFO  - 2020-06-27T03:39:39.958Z] ShutdownReqHand - _handle - About to shutdown
[INFO  - 2020-06-27T03:39:42.146Z] GhostDriver - Main - running on port 2481
[INFO  - 2020-06-27T03:39:42.260Z] Session [d60ad190-b827-11ea-9e60-152fc2690236] - page.settings - {"XSSAuditingEnabled":false,"javascriptCanCloseWindows":true,"javascriptCanOpenWindows":true,"javascriptEnabled":true,"loadImages":true,"localToRemoteUrlAccessEnabled":false,"userAgent":"Mozilla/5.0 (Windows NT 6.2; WOW64) AppleWebKit/538.1 (KHTML, like Gecko) PhantomJS/2.1.1 Safari/538.1","webSecurityEnabled":true}
[INFO  - 2020-06-27T03:39:42.260Z] Session [d60ad190-b827-11ea-9e60-152fc2690236] - page.customHeaders:  - {}
[INFO  - 2020-06-27T03:39:42.260Z] Session [d60ad190-b827-11ea-9e60-152fc2690236] - Session.negotiatedCapabilities - {"browserName":"phantomjs","version":"2.1.1","driverName":"ghostdriver","driverVersion":"1.2.0","platform":"windows-10-32bit","javascriptEnabled":true,"takesScreenshot":true,"handlesAlerts":false,"databaseEnabled":false,"locationContextEnabled":false,"applicationCacheEnabled":false,"browserConnectionEnabled":false,"cssSelectorsEnabled":true,"webStorageEnabled":false,"rotatable":false,"acceptSslCerts":false,"nativeEvents":true,"proxy":{"proxyType":"direct"}}
[INFO  - 2020-06-27T03:39:42.261Z] SessionManagerReqHand - _postNewSessionCommand - New Session Created: d60ad190-b827-11ea-9e60-152fc2690236
[INFO  - 2020-06-27T03:40:02.017Z] ShutdownReqHand - _handle - About to shutdown
[INFO  - 2020-06-27T03:40:04.249Z] GhostDriver - Main - running on port 39625
[INFO  - 2020-06-27T03:40:04.367Z] Session [e3388970-b827-11ea-aca2-99c1709adca1] - page.settings - {"XSSAuditingEnabled":false,"javascriptCanCloseWindows":true,"javascriptCanOpenWindows":true,"javascriptEnabled":true,"loadImages":true,"localToRemoteUrlAccessEnabled":false,"userAgent":"Mozilla/5.0 (Windows NT 6.2; WOW64) AppleWebKit/538.1 (KHTML, like Gecko) PhantomJS/2.1.1 Safari/538.1","webSecurityEnabled":true}
[INFO  - 2020-06-27T03:40:04.367Z] Session [e3388970-b827-11ea-aca2-99c1709adca1] - page.customHeaders:  - {}
[INFO  - 2020-06-27T03:40:04.367Z] Session [e3388970-b827-11ea-aca2-99c1709adca1] - Session.negotiatedCapabilities - {"browserName":"phantomjs","version":"2.1.1","driverName":"ghostdriver","driverVersion":"1.2.0","platform":"windows-10-32bit","javascriptEnabled":true,"takesScreenshot":true,"handlesAlerts":false,"databaseEnabled":false,"locationContextEnabled":false,"applicationCacheEnabled":false,"browserConnectionEnabled":false,"cssSelectorsEnabled":true,"webStorageEnabled":false,"rotatable":false,"acceptSslCerts":false,"nativeEvents":true,"proxy":{"proxyType":"direct"}}
[INFO  - 2020-06-27T03:40:04.367Z] SessionManagerReqHand - _postNewSessionCommand - New Session Created: e3388970-b827-11ea-aca2-99c1709adca1
[INFO  - 2020-06-27T03:40:28.419Z] ShutdownReqHand - _handle - About to shutdown
[INFO  - 2020-06-27T03:40:30.607Z] GhostDriver - Main - running on port 29676
[INFO  - 2020-06-27T03:40:30.727Z] Session [f2ed8870-b827-11ea-9b45-f93f756385cc] - page.settings - {"XSSAuditingEnabled":false,"javascriptCanCloseWindows":true,"javascriptCanOpenWindows":true,"javascriptEnabled":true,"loadImages":true,"localToRemoteUrlAccessEnabled":false,"userAgent":"Mozilla/5.0 (Windows NT 6.2; WOW64) AppleWebKit/538.1 (KHTML, like Gecko) PhantomJS/2.1.1 Safari/538.1","webSecurityEnabled":true}
[INFO  - 2020-06-27T03:40:30.727Z] Session [f2ed8870-b827-11ea-9b45-f93f756385cc] - page.customHeaders:  - {}
[INFO  - 2020-06-27T03:40:30.727Z] Session [f2ed8870-b827-11ea-9b45-f93f756385cc] - Session.negotiatedCapabilities - {"browserName":"phantomjs","version":"2.1.1","driverName":"ghostdriver","driverVersion":"1.2.0","platform":"windows-10-32bit","javascriptEnabled":true,"takesScreenshot":true,"handlesAlerts":false,"databaseEnabled":false,"locationContextEnabled":false,"applicationCacheEnabled":false,"browserConnectionEnabled":false,"cssSelectorsEnabled":true,"webStorageEnabled":false,"rotatable":false,"acceptSslCerts":false,"nativeEvents":true,"proxy":{"proxyType":"direct"}}
[INFO  - 2020-06-27T03:40:30.728Z] SessionManagerReqHand - _postNewSessionCommand - New Session Created: f2ed8870-b827-11ea-9b45-f93f756385cc
[INFO  - 2020-06-27T03:40:55.980Z] ShutdownReqHand - _handle - About to shutdown
[INFO  - 2020-06-27T03:40:58.242Z] GhostDriver - Main - running on port 20853
[INFO  - 2020-06-27T03:40:58.259Z] Session [035842e0-b828-11ea-aa6c-8b1132220412] - page.settings - {"XSSAuditingEnabled":false,"javascriptCanCloseWindows":true,"javascriptCanOpenWindows":true,"javascriptEnabled":true,"loadImages":true,"localToRemoteUrlAccessEnabled":false,"userAgent":"Mozilla/5.0 (Windows NT 6.2; WOW64) AppleWebKit/538.1 (KHTML, like Gecko) PhantomJS/2.1.1 Safari/538.1","webSecurityEnabled":true}
[INFO  - 2020-06-27T03:40:58.259Z] Session [035842e0-b828-11ea-aa6c-8b1132220412] - page.customHeaders:  - {}
[INFO  - 2020-06-27T03:40:58.259Z] Session [035842e0-b828-11ea-aa6c-8b1132220412] - Session.negotiatedCapabilities - {"browserName":"phantomjs","version":"2.1.1","driverName":"ghostdriver","driverVersion":"1.2.0","platform":"windows-10-32bit","javascriptEnabled":true,"takesScreenshot":true,"handlesAlerts":false,"databaseEnabled":false,"locationContextEnabled":false,"applicationCacheEnabled":false,"browserConnectionEnabled":false,"cssSelectorsEnabled":true,"webStorageEnabled":false,"rotatable":false,"acceptSslCerts":false,"nativeEvents":true,"proxy":{"proxyType":"direct"}}
[INFO  - 2020-06-27T03:40:58.259Z] SessionManagerReqHand - _postNewSessionCommand - New Session Created: 035842e0-b828-11ea-aa6c-8b1132220412
[INFO  - 2020-06-27T03:41:18.724Z] ShutdownReqHand - _handle - About to shutdown
[INFO  - 2020-06-27T03:41:20.852Z] GhostDriver - Main - running on port 35623
[INFO  - 2020-06-27T03:41:20.923Z] Session [10da0e30-b828-11ea-9a5c-8f8e5bcceeb4] - page.settings - {"XSSAuditingEnabled":false,"javascriptCanCloseWindows":true,"javascriptCanOpenWindows":true,"javascriptEnabled":true,"loadImages":true,"localToRemoteUrlAccessEnabled":false,"userAgent":"Mozilla/5.0 (Windows NT 6.2; WOW64) AppleWebKit/538.1 (KHTML, like Gecko) PhantomJS/2.1.1 Safari/538.1","webSecurityEnabled":true}
[INFO  - 2020-06-27T03:41:20.923Z] Session [10da0e30-b828-11ea-9a5c-8f8e5bcceeb4] - page.customHeaders:  - {}
[INFO  - 2020-06-27T03:41:20.923Z] Session [10da0e30-b828-11ea-9a5c-8f8e5bcceeb4] - Session.negotiatedCapabilities - {"browserName":"phantomjs","version":"2.1.1","driverName":"ghostdriver","driverVersion":"1.2.0","platform":"windows-10-32bit","javascriptEnabled":true,"takesScreenshot":true,"handlesAlerts":false,"databaseEnabled":false,"locationContextEnabled":false,"applicationCacheEnabled":false,"browserConnectionEnabled":false,"cssSelectorsEnabled":true,"webStorageEnabled":false,"rotatable":false,"acceptSslCerts":false,"nativeEvents":true,"proxy":{"proxyType":"direct"}}
[INFO  - 2020-06-27T03:41:20.923Z] SessionManagerReqHand - _postNewSessionCommand - New Session Created: 10da0e30-b828-11ea-9a5c-8f8e5bcceeb4
[INFO  - 2020-06-27T03:41:41.054Z] ShutdownReqHand - _handle - About to shutdown
[INFO  - 2020-06-27T03:41:43.330Z] GhostDriver - Main - running on port 33910
[INFO  - 2020-06-27T03:41:43.382Z] Session [1e3d7c10-b828-11ea-a72a-27254c6a9a50] - page.settings - {"XSSAuditingEnabled":false,"javascriptCanCloseWindows":true,"javascriptCanOpenWindows":true,"javascriptEnabled":true,"loadImages":true,"localToRemoteUrlAccessEnabled":false,"userAgent":"Mozilla/5.0 (Windows NT 6.2; WOW64) AppleWebKit/538.1 (KHTML, like Gecko) PhantomJS/2.1.1 Safari/538.1","webSecurityEnabled":true}
[INFO  - 2020-06-27T03:41:43.382Z] Session [1e3d7c10-b828-11ea-a72a-27254c6a9a50] - page.customHeaders:  - {}
[INFO  - 2020-06-27T03:41:43.382Z] Session [1e3d7c10-b828-11ea-a72a-27254c6a9a50] - Session.negotiatedCapabilities - {"browserName":"phantomjs","version":"2.1.1","driverName":"ghostdriver","driverVersion":"1.2.0","platform":"windows-10-32bit","javascriptEnabled":true,"takesScreenshot":true,"handlesAlerts":false,"databaseEnabled":false,"locationContextEnabled":false,"applicationCacheEnabled":false,"browserConnectionEnabled":false,"cssSelectorsEnabled":true,"webStorageEnabled":false,"rotatable":false,"acceptSslCerts":false,"nativeEvents":true,"proxy":{"proxyType":"direct"}}
[INFO  - 2020-06-27T03:41:43.382Z] SessionManagerReqHand - _postNewSessionCommand - New Session Created: 1e3d7c10-b828-11ea-a72a-27254c6a9a50
[ERROR - 2020-06-27T03:41:49.944Z] RouterReqHand - _handle.error - {"name":"Invalid Command Method","message":"{\"headers\":{\"Accept-Encoding\":\"gzip,deflate\",\"Cache-Control\":\"no-cache\",\"Connection\":\"Keep-Alive\",\"Host\":\"localhost:33910\",\"User-Agent\":\"Apache-HttpClient/4.5.1 (Java/13.0.1)\"},\"httpVersion\":\"1.1\",\"method\":\"GET\",\"url\":\"/alert_text\",\"urlParsed\":{\"anchor\":\"\",\"query\":\"\",\"file\":\"alert_text\",\"directory\":\"/\",\"path\":\"/alert_text\",\"relative\":\"/alert_text\",\"port\":\"\",\"host\":\"\",\"password\":\"\",\"user\":\"\",\"userInfo\":\"\",\"authority\":\"\",\"protocol\":\"\",\"source\":\"/alert_text\",\"queryKey\":{},\"chunks\":[\"alert_text\"]},\"urlOriginal\":\"/session/1e3d7c10-b828-11ea-a72a-27254c6a9a50/alert_text\"}","line":202,"sourceURL":"phantomjs://code/session_request_handler.js","stack":"_handle@phantomjs://code/session_request_handler.js:202:66\n_reroute@phantomjs://code/request_handler.js:61:20\n_handle@phantomjs://code/router_request_handler.js:78:46"}
[INFO  - 2020-06-27T03:41:49.957Z] ShutdownReqHand - _handle - About to shutdown
[INFO  - 2020-06-27T03:43:14.173Z] GhostDriver - Main - running on port 47498
[INFO  - 2020-06-27T03:43:14.711Z] Session [54ad2f20-b828-11ea-b68a-6b46a0664eb7] - page.settings - {"XSSAuditingEnabled":false,"javascriptCanCloseWindows":true,"javascriptCanOpenWindows":true,"javascriptEnabled":true,"loadImages":true,"localToRemoteUrlAccessEnabled":false,"userAgent":"Mozilla/5.0 (Windows NT 6.2; WOW64) AppleWebKit/538.1 (KHTML, like Gecko) PhantomJS/2.1.1 Safari/538.1","webSecurityEnabled":true}
[INFO  - 2020-06-27T03:43:14.711Z] Session [54ad2f20-b828-11ea-b68a-6b46a0664eb7] - page.customHeaders:  - {}
[INFO  - 2020-06-27T03:43:14.711Z] Session [54ad2f20-b828-11ea-b68a-6b46a0664eb7] - Session.negotiatedCapabilities - {"browserName":"phantomjs","version":"2.1.1","driverName":"ghostdriver","driverVersion":"1.2.0","platform":"windows-10-32bit","javascriptEnabled":true,"takesScreenshot":true,"handlesAlerts":false,"databaseEnabled":false,"locationContextEnabled":false,"applicationCacheEnabled":false,"browserConnectionEnabled":false,"cssSelectorsEnabled":true,"webStorageEnabled":false,"rotatable":false,"acceptSslCerts":false,"nativeEvents":true,"proxy":{"proxyType":"direct"}}
[INFO  - 2020-06-27T03:43:14.712Z] SessionManagerReqHand - _postNewSessionCommand - New Session Created: 54ad2f20-b828-11ea-b68a-6b46a0664eb7
[ERROR - 2020-06-27T03:43:23.742Z] RouterReqHand - _handle.error - {"name":"Invalid Command Method","message":"{\"headers\":{\"Accept-Encoding\":\"gzip,deflate\",\"Cache-Control\":\"no-cache\",\"Connection\":\"Keep-Alive\",\"Host\":\"localhost:47498\",\"User-Agent\":\"Apache-HttpClient/4.5.1 (Java/13.0.1)\"},\"httpVersion\":\"1.1\",\"method\":\"GET\",\"url\":\"/alert_text\",\"urlParsed\":{\"anchor\":\"\",\"query\":\"\",\"file\":\"alert_text\",\"directory\":\"/\",\"path\":\"/alert_text\",\"relative\":\"/alert_text\",\"port\":\"\",\"host\":\"\",\"password\":\"\",\"user\":\"\",\"userInfo\":\"\",\"authority\":\"\",\"protocol\":\"\",\"source\":\"/alert_text\",\"queryKey\":{},\"chunks\":[\"alert_text\"]},\"urlOriginal\":\"/session/54ad2f20-b828-11ea-b68a-6b46a0664eb7/alert_text\"}","line":202,"sourceURL":"phantomjs://code/session_request_handler.js","stack":"_handle@phantomjs://code/session_request_handler.js:202:66\n_reroute@phantomjs://code/request_handler.js:61:20\n_handle@phantomjs://code/router_request_handler.js:78:46"}
[INFO  - 2020-06-27T03:43:23.756Z] ShutdownReqHand - _handle - About to shutdown
[INFO  - 2020-06-27T04:04:55.906Z] GhostDriver - Main - running on port 40881
[INFO  - 2020-06-27T04:04:56.718Z] Session [5cbb1350-b82b-11ea-a993-2fbb61fdc34a] - page.settings - {"XSSAuditingEnabled":false,"javascriptCanCloseWindows":true,"javascriptCanOpenWindows":true,"javascriptEnabled":true,"loadImages":true,"localToRemoteUrlAccessEnabled":false,"userAgent":"Mozilla/5.0 (Windows NT 6.2; WOW64) AppleWebKit/538.1 (KHTML, like Gecko) PhantomJS/2.1.1 Safari/538.1","webSecurityEnabled":true}
[INFO  - 2020-06-27T04:04:56.718Z] Session [5cbb1350-b82b-11ea-a993-2fbb61fdc34a] - page.customHeaders:  - {}
[INFO  - 2020-06-27T04:04:56.718Z] Session [5cbb1350-b82b-11ea-a993-2fbb61fdc34a] - Session.negotiatedCapabilities - {"browserName":"phantomjs","version":"2.1.1","driverName":"ghostdriver","driverVersion":"1.2.0","platform":"windows-10-32bit","javascriptEnabled":true,"takesScreenshot":true,"handlesAlerts":false,"databaseEnabled":false,"locationContextEnabled":false,"applicationCacheEnabled":false,"browserConnectionEnabled":false,"cssSelectorsEnabled":true,"webStorageEnabled":false,"rotatable":false,"acceptSslCerts":false,"nativeEvents":true,"proxy":{"proxyType":"direct"}}
[INFO  - 2020-06-27T04:04:56.718Z] SessionManagerReqHand - _postNewSessionCommand - New Session Created: 5cbb1350-b82b-11ea-a993-2fbb61fdc34a
[INFO  - 2020-06-27T04:05:03.745Z] ShutdownReqHand - _handle - About to shutdown
[INFO  - 2020-06-27T04:05:06.074Z] GhostDriver - Main - running on port 44054
[INFO  - 2020-06-27T04:05:06.180Z] Session [625da430-b82b-11ea-8fe5-ad58e15446c7] - page.settings - {"XSSAuditingEnabled":false,"javascriptCanCloseWindows":true,"javascriptCanOpenWindows":true,"javascriptEnabled":true,"loadImages":true,"localToRemoteUrlAccessEnabled":false,"userAgent":"Mozilla/5.0 (Windows NT 6.2; WOW64) AppleWebKit/538.1 (KHTML, like Gecko) PhantomJS/2.1.1 Safari/538.1","webSecurityEnabled":true}
[INFO  - 2020-06-27T04:05:06.181Z] Session [625da430-b82b-11ea-8fe5-ad58e15446c7] - page.customHeaders:  - {}
[INFO  - 2020-06-27T04:05:06.181Z] Session [625da430-b82b-11ea-8fe5-ad58e15446c7] - Session.negotiatedCapabilities - {"browserName":"phantomjs","version":"2.1.1","driverName":"ghostdriver","driverVersion":"1.2.0","platform":"windows-10-32bit","javascriptEnabled":true,"takesScreenshot":true,"handlesAlerts":false,"databaseEnabled":false,"locationContextEnabled":false,"applicationCacheEnabled":false,"browserConnectionEnabled":false,"cssSelectorsEnabled":true,"webStorageEnabled":false,"rotatable":false,"acceptSslCerts":false,"nativeEvents":true,"proxy":{"proxyType":"direct"}}
[INFO  - 2020-06-27T04:05:06.181Z] SessionManagerReqHand - _postNewSessionCommand - New Session Created: 625da430-b82b-11ea-8fe5-ad58e15446c7
[INFO  - 2020-06-27T04:05:13.027Z] ShutdownReqHand - _handle - About to shutdown
[INFO  - 2020-06-27T04:05:15.221Z] GhostDriver - Main - running on port 38407
[INFO  - 2020-06-27T04:05:15.339Z] Session [67d2e380-b82b-11ea-9582-db028b197b7f] - page.settings - {"XSSAuditingEnabled":false,"javascriptCanCloseWindows":true,"javascriptCanOpenWindows":true,"javascriptEnabled":true,"loadImages":true,"localToRemoteUrlAccessEnabled":false,"userAgent":"Mozilla/5.0 (Windows NT 6.2; WOW64) AppleWebKit/538.1 (KHTML, like Gecko) PhantomJS/2.1.1 Safari/538.1","webSecurityEnabled":true}
[INFO  - 2020-06-27T04:05:15.339Z] Session [67d2e380-b82b-11ea-9582-db028b197b7f] - page.customHeaders:  - {}
[INFO  - 2020-06-27T04:05:15.339Z] Session [67d2e380-b82b-11ea-9582-db028b197b7f] - Session.negotiatedCapabilities - {"browserName":"phantomjs","version":"2.1.1","driverName":"ghostdriver","driverVersion":"1.2.0","platform":"windows-10-32bit","javascriptEnabled":true,"takesScreenshot":true,"handlesAlerts":false,"databaseEnabled":false,"locationContextEnabled":false,"applicationCacheEnabled":false,"browserConnectionEnabled":false,"cssSelectorsEnabled":true,"webStorageEnabled":false,"rotatable":false,"acceptSslCerts":false,"nativeEvents":true,"proxy":{"proxyType":"direct"}}
[INFO  - 2020-06-27T04:05:15.339Z] SessionManagerReqHand - _postNewSessionCommand - New Session Created: 67d2e380-b82b-11ea-9582-db028b197b7f
[INFO  - 2020-06-27T04:05:22.217Z] ShutdownReqHand - _handle - About to shutdown
[INFO  - 2020-06-27T04:07:03.058Z] GhostDriver - Main - running on port 34197
[INFO  - 2020-06-27T04:07:03.813Z] Session [a87c14b0-b82b-11ea-9bce-e923f4657627] - page.settings - {"XSSAuditingEnabled":false,"javascriptCanCloseWindows":true,"javascriptCanOpenWindows":true,"javascriptEnabled":true,"loadImages":true,"localToRemoteUrlAccessEnabled":false,"userAgent":"Mozilla/5.0 (Windows NT 6.2; WOW64) AppleWebKit/538.1 (KHTML, like Gecko) PhantomJS/2.1.1 Safari/538.1","webSecurityEnabled":true}
[INFO  - 2020-06-27T04:07:03.813Z] Session [a87c14b0-b82b-11ea-9bce-e923f4657627] - page.customHeaders:  - {}
[INFO  - 2020-06-27T04:07:03.813Z] Session [a87c14b0-b82b-11ea-9bce-e923f4657627] - Session.negotiatedCapabilities - {"browserName":"phantomjs","version":"2.1.1","driverName":"ghostdriver","driverVersion":"1.2.0","platform":"windows-10-32bit","javascriptEnabled":true,"takesScreenshot":true,"handlesAlerts":false,"databaseEnabled":false,"locationContextEnabled":false,"applicationCacheEnabled":false,"browserConnectionEnabled":false,"cssSelectorsEnabled":true,"webStorageEnabled":false,"rotatable":false,"acceptSslCerts":false,"nativeEvents":true,"proxy":{"proxyType":"direct"}}
[INFO  - 2020-06-27T04:07:03.813Z] SessionManagerReqHand - _postNewSessionCommand - New Session Created: a87c14b0-b82b-11ea-9bce-e923f4657627
[INFO  - 2020-06-27T04:07:11.476Z] ShutdownReqHand - _handle - About to shutdown
[INFO  - 2020-06-27T04:08:02.371Z] GhostDriver - Main - running on port 26023
[INFO  - 2020-06-27T04:08:03.107Z] Session [cbd43cd0-b82b-11ea-ba13-bbe04b4524b3] - page.settings - {"XSSAuditingEnabled":false,"javascriptCanCloseWindows":true,"javascriptCanOpenWindows":true,"javascriptEnabled":true,"loadImages":true,"localToRemoteUrlAccessEnabled":false,"userAgent":"Mozilla/5.0 (Windows NT 6.2; WOW64) AppleWebKit/538.1 (KHTML, like Gecko) PhantomJS/2.1.1 Safari/538.1","webSecurityEnabled":true}
[INFO  - 2020-06-27T04:08:03.107Z] Session [cbd43cd0-b82b-11ea-ba13-bbe04b4524b3] - page.customHeaders:  - {}
[INFO  - 2020-06-27T04:08:03.107Z] Session [cbd43cd0-b82b-11ea-ba13-bbe04b4524b3] - Session.negotiatedCapabilities - {"browserName":"phantomjs","version":"2.1.1","driverName":"ghostdriver","driverVersion":"1.2.0","platform":"windows-10-32bit","javascriptEnabled":true,"takesScreenshot":true,"handlesAlerts":false,"databaseEnabled":false,"locationContextEnabled":false,"applicationCacheEnabled":false,"browserConnectionEnabled":false,"cssSelectorsEnabled":true,"webStorageEnabled":false,"rotatable":false,"acceptSslCerts":false,"nativeEvents":true,"proxy":{"proxyType":"direct"}}
[INFO  - 2020-06-27T04:08:03.107Z] SessionManagerReqHand - _postNewSessionCommand - New Session Created: cbd43cd0-b82b-11ea-ba13-bbe04b4524b3
[INFO  - 2020-06-27T04:08:09.997Z] ShutdownReqHand - _handle - About to shutdown
[INFO  - 2020-06-27T05:24:23.222Z] GhostDriver - Main - running on port 23685
[INFO  - 2020-06-27T05:24:24.081Z] Session [764cf080-b836-11ea-8fcf-01e74146daf3] - page.settings - {"XSSAuditingEnabled":false,"javascriptCanCloseWindows":true,"javascriptCanOpenWindows":true,"javascriptEnabled":true,"loadImages":true,"localToRemoteUrlAccessEnabled":false,"userAgent":"Mozilla/5.0 (Windows NT 6.2; WOW64) AppleWebKit/538.1 (KHTML, like Gecko) PhantomJS/2.1.1 Safari/538.1","webSecurityEnabled":true}
[INFO  - 2020-06-27T05:24:24.081Z] Session [764cf080-b836-11ea-8fcf-01e74146daf3] - page.customHeaders:  - {}
[INFO  - 2020-06-27T05:24:24.081Z] Session [764cf080-b836-11ea-8fcf-01e74146daf3] - Session.negotiatedCapabilities - {"browserName":"phantomjs","version":"2.1.1","driverName":"ghostdriver","driverVersion":"1.2.0","platform":"windows-10-32bit","javascriptEnabled":true,"takesScreenshot":true,"handlesAlerts":false,"databaseEnabled":false,"locationContextEnabled":false,"applicationCacheEnabled":false,"browserConnectionEnabled":false,"cssSelectorsEnabled":true,"webStorageEnabled":false,"rotatable":false,"acceptSslCerts":false,"nativeEvents":true,"proxy":{"proxyType":"direct"}}
[INFO  - 2020-06-27T05:24:24.082Z] SessionManagerReqHand - _postNewSessionCommand - New Session Created: 764cf080-b836-11ea-8fcf-01e74146daf3
[INFO  - 2020-06-27T05:24:35.994Z] ShutdownReqHand - _handle - About to shutdown
[INFO  - 2020-06-27T05:24:39.263Z] GhostDriver - Main - running on port 41623
[INFO  - 2020-06-27T05:24:39.543Z] Session [7f832f70-b836-11ea-86ac-8bf636efde38] - page.settings - {"XSSAuditingEnabled":false,"javascriptCanCloseWindows":true,"javascriptCanOpenWindows":true,"javascriptEnabled":true,"loadImages":true,"localToRemoteUrlAccessEnabled":false,"userAgent":"Mozilla/5.0 (Windows NT 6.2; WOW64) AppleWebKit/538.1 (KHTML, like Gecko) PhantomJS/2.1.1 Safari/538.1","webSecurityEnabled":true}
[INFO  - 2020-06-27T05:24:39.543Z] Session [7f832f70-b836-11ea-86ac-8bf636efde38] - page.customHeaders:  - {}
[INFO  - 2020-06-27T05:24:39.543Z] Session [7f832f70-b836-11ea-86ac-8bf636efde38] - Session.negotiatedCapabilities - {"browserName":"phantomjs","version":"2.1.1","driverName":"ghostdriver","driverVersion":"1.2.0","platform":"windows-10-32bit","javascriptEnabled":true,"takesScreenshot":true,"handlesAlerts":false,"databaseEnabled":false,"locationContextEnabled":false,"applicationCacheEnabled":false,"browserConnectionEnabled":false,"cssSelectorsEnabled":true,"webStorageEnabled":false,"rotatable":false,"acceptSslCerts":false,"nativeEvents":true,"proxy":{"proxyType":"direct"}}
[INFO  - 2020-06-27T05:24:39.543Z] SessionManagerReqHand - _postNewSessionCommand - New Session Created: 7f832f70-b836-11ea-86ac-8bf636efde38
[INFO  - 2020-06-27T05:24:53.503Z] ShutdownReqHand - _handle - About to shutdown
[INFO  - 2020-06-27T05:24:56.304Z] GhostDriver - Main - running on port 40925
[INFO  - 2020-06-27T05:24:56.617Z] Session [89b1d820-b836-11ea-8e39-1128a578df30] - page.settings - {"XSSAuditingEnabled":false,"javascriptCanCloseWindows":true,"javascriptCanOpenWindows":true,"javascriptEnabled":true,"loadImages":true,"localToRemoteUrlAccessEnabled":false,"userAgent":"Mozilla/5.0 (Windows NT 6.2; WOW64) AppleWebKit/538.1 (KHTML, like Gecko) PhantomJS/2.1.1 Safari/538.1","webSecurityEnabled":true}
[INFO  - 2020-06-27T05:24:56.617Z] Session [89b1d820-b836-11ea-8e39-1128a578df30] - page.customHeaders:  - {}
[INFO  - 2020-06-27T05:24:56.617Z] Session [89b1d820-b836-11ea-8e39-1128a578df30] - Session.negotiatedCapabilities - {"browserName":"phantomjs","version":"2.1.1","driverName":"ghostdriver","driverVersion":"1.2.0","platform":"windows-10-32bit","javascriptEnabled":true,"takesScreenshot":true,"handlesAlerts":false,"databaseEnabled":false,"locationContextEnabled":false,"applicationCacheEnabled":false,"browserConnectionEnabled":false,"cssSelectorsEnabled":true,"webStorageEnabled":false,"rotatable":false,"acceptSslCerts":false,"nativeEvents":true,"proxy":{"proxyType":"direct"}}
[INFO  - 2020-06-27T05:24:56.618Z] SessionManagerReqHand - _postNewSessionCommand - New Session Created: 89b1d820-b836-11ea-8e39-1128a578df30
[INFO  - 2020-06-27T05:25:14.522Z] ShutdownReqHand - _handle - About to shutdown
[INFO  - 2020-06-27T05:25:17.588Z] GhostDriver - Main - running on port 19769
[INFO  - 2020-06-27T05:25:17.846Z] Session [965921f0-b836-11ea-8a29-6b1307049e55] - page.settings - {"XSSAuditingEnabled":false,"javascriptCanCloseWindows":true,"javascriptCanOpenWindows":true,"javascriptEnabled":true,"loadImages":true,"localToRemoteUrlAccessEnabled":false,"userAgent":"Mozilla/5.0 (Windows NT 6.2; WOW64) AppleWebKit/538.1 (KHTML, like Gecko) PhantomJS/2.1.1 Safari/538.1","webSecurityEnabled":true}
[INFO  - 2020-06-27T05:25:17.846Z] Session [965921f0-b836-11ea-8a29-6b1307049e55] - page.customHeaders:  - {}
[INFO  - 2020-06-27T05:25:17.846Z] Session [965921f0-b836-11ea-8a29-6b1307049e55] - Session.negotiatedCapabilities - {"browserName":"phantomjs","version":"2.1.1","driverName":"ghostdriver","driverVersion":"1.2.0","platform":"windows-10-32bit","javascriptEnabled":true,"takesScreenshot":true,"handlesAlerts":false,"databaseEnabled":false,"locationContextEnabled":false,"applicationCacheEnabled":false,"browserConnectionEnabled":false,"cssSelectorsEnabled":true,"webStorageEnabled":false,"rotatable":false,"acceptSslCerts":false,"nativeEvents":true,"proxy":{"proxyType":"direct"}}
[INFO  - 2020-06-27T05:25:17.846Z] SessionManagerReqHand - _postNewSessionCommand - New Session Created: 965921f0-b836-11ea-8a29-6b1307049e55
[INFO  - 2020-06-27T05:25:44.468Z] ShutdownReqHand - _handle - About to shutdown
[INFO  - 2020-06-27T05:25:47.201Z] GhostDriver - Main - running on port 6637
[INFO  - 2020-06-27T05:25:47.385Z] Session [a7f3d0e0-b836-11ea-add4-473f548458df] - page.settings - {"XSSAuditingEnabled":false,"javascriptCanCloseWindows":true,"javascriptCanOpenWindows":true,"javascriptEnabled":true,"loadImages":true,"localToRemoteUrlAccessEnabled":false,"userAgent":"Mozilla/5.0 (Windows NT 6.2; WOW64) AppleWebKit/538.1 (KHTML, like Gecko) PhantomJS/2.1.1 Safari/538.1","webSecurityEnabled":true}
[INFO  - 2020-06-27T05:25:47.385Z] Session [a7f3d0e0-b836-11ea-add4-473f548458df] - page.customHeaders:  - {}
[INFO  - 2020-06-27T05:25:47.386Z] Session [a7f3d0e0-b836-11ea-add4-473f548458df] - Session.negotiatedCapabilities - {"browserName":"phantomjs","version":"2.1.1","driverName":"ghostdriver","driverVersion":"1.2.0","platform":"windows-10-32bit","javascriptEnabled":true,"takesScreenshot":true,"handlesAlerts":false,"databaseEnabled":false,"locationContextEnabled":false,"applicationCacheEnabled":false,"browserConnectionEnabled":false,"cssSelectorsEnabled":true,"webStorageEnabled":false,"rotatable":false,"acceptSslCerts":false,"nativeEvents":true,"proxy":{"proxyType":"direct"}}
[INFO  - 2020-06-27T05:25:47.386Z] SessionManagerReqHand - _postNewSessionCommand - New Session Created: a7f3d0e0-b836-11ea-add4-473f548458df
[INFO  - 2020-06-27T05:26:11.588Z] ShutdownReqHand - _handle - About to shutdown
[INFO  - 2020-06-27T05:26:14.706Z] GhostDriver - Main - running on port 2453
[INFO  - 2020-06-27T05:26:14.909Z] Session [b85c4160-b836-11ea-a239-d9176356d120] - page.settings - {"XSSAuditingEnabled":false,"javascriptCanCloseWindows":true,"javascriptCanOpenWindows":true,"javascriptEnabled":true,"loadImages":true,"localToRemoteUrlAccessEnabled":false,"userAgent":"Mozilla/5.0 (Windows NT 6.2; WOW64) AppleWebKit/538.1 (KHTML, like Gecko) PhantomJS/2.1.1 Safari/538.1","webSecurityEnabled":true}
[INFO  - 2020-06-27T05:26:14.910Z] Session [b85c4160-b836-11ea-a239-d9176356d120] - page.customHeaders:  - {}
[INFO  - 2020-06-27T05:26:14.910Z] Session [b85c4160-b836-11ea-a239-d9176356d120] - Session.negotiatedCapabilities - {"browserName":"phantomjs","version":"2.1.1","driverName":"ghostdriver","driverVersion":"1.2.0","platform":"windows-10-32bit","javascriptEnabled":true,"takesScreenshot":true,"handlesAlerts":false,"databaseEnabled":false,"locationContextEnabled":false,"applicationCacheEnabled":false,"browserConnectionEnabled":false,"cssSelectorsEnabled":true,"webStorageEnabled":false,"rotatable":false,"acceptSslCerts":false,"nativeEvents":true,"proxy":{"proxyType":"direct"}}
[INFO  - 2020-06-27T05:26:14.910Z] SessionManagerReqHand - _postNewSessionCommand - New Session Created: b85c4160-b836-11ea-a239-d9176356d120
[INFO  - 2020-06-27T05:26:39.216Z] ShutdownReqHand - _handle - About to shutdown
[INFO  - 2020-06-27T06:29:05.298Z] GhostDriver - Main - running on port 27734
[INFO  - 2020-06-27T06:29:07.350Z] Session [80e96010-b83f-11ea-8ef4-f7981e154330] - page.settings - {"XSSAuditingEnabled":false,"javascriptCanCloseWindows":true,"javascriptCanOpenWindows":true,"javascriptEnabled":true,"loadImages":true,"localToRemoteUrlAccessEnabled":false,"userAgent":"Mozilla/5.0 (Windows NT 6.2; WOW64) AppleWebKit/538.1 (KHTML, like Gecko) PhantomJS/2.1.1 Safari/538.1","webSecurityEnabled":true}
[INFO  - 2020-06-27T06:29:07.350Z] Session [80e96010-b83f-11ea-8ef4-f7981e154330] - page.customHeaders:  - {}
[INFO  - 2020-06-27T06:29:07.350Z] Session [80e96010-b83f-11ea-8ef4-f7981e154330] - Session.negotiatedCapabilities - {"browserName":"phantomjs","version":"2.1.1","driverName":"ghostdriver","driverVersion":"1.2.0","platform":"windows-10-32bit","javascriptEnabled":true,"takesScreenshot":true,"handlesAlerts":false,"databaseEnabled":false,"locationContextEnabled":false,"applicationCacheEnabled":false,"browserConnectionEnabled":false,"cssSelectorsEnabled":true,"webStorageEnabled":false,"rotatable":false,"acceptSslCerts":false,"nativeEvents":true,"proxy":{"proxyType":"direct"}}
[INFO  - 2020-06-27T06:29:07.350Z] SessionManagerReqHand - _postNewSessionCommand - New Session Created: 80e96010-b83f-11ea-8ef4-f7981e154330
[INFO  - 2020-06-27T06:29:21.423Z] ShutdownReqHand - _handle - About to shutdown
[INFO  - 2020-06-27T06:29:24.884Z] GhostDriver - Main - running on port 11658
[INFO  - 2020-06-27T06:29:24.988Z] Session [8b6bf520-b83f-11ea-bccf-3da68e65f97d] - page.settings - {"XSSAuditingEnabled":false,"javascriptCanCloseWindows":true,"javascriptCanOpenWindows":true,"javascriptEnabled":true,"loadImages":true,"localToRemoteUrlAccessEnabled":false,"userAgent":"Mozilla/5.0 (Windows NT 6.2; WOW64) AppleWebKit/538.1 (KHTML, like Gecko) PhantomJS/2.1.1 Safari/538.1","webSecurityEnabled":true}
[INFO  - 2020-06-27T06:29:24.989Z] Session [8b6bf520-b83f-11ea-bccf-3da68e65f97d] - page.customHeaders:  - {}
[INFO  - 2020-06-27T06:29:24.989Z] Session [8b6bf520-b83f-11ea-bccf-3da68e65f97d] - Session.negotiatedCapabilities - {"browserName":"phantomjs","version":"2.1.1","driverName":"ghostdriver","driverVersion":"1.2.0","platform":"windows-10-32bit","javascriptEnabled":true,"takesScreenshot":true,"handlesAlerts":false,"databaseEnabled":false,"locationContextEnabled":false,"applicationCacheEnabled":false,"browserConnectionEnabled":false,"cssSelectorsEnabled":true,"webStorageEnabled":false,"rotatable":false,"acceptSslCerts":false,"nativeEvents":true,"proxy":{"proxyType":"direct"}}
[INFO  - 2020-06-27T06:29:24.989Z] SessionManagerReqHand - _postNewSessionCommand - New Session Created: 8b6bf520-b83f-11ea-bccf-3da68e65f97d
[INFO  - 2020-06-27T06:29:39.570Z] ShutdownReqHand - _handle - About to shutdown
[INFO  - 2020-06-27T06:29:41.897Z] GhostDriver - Main - running on port 20134
[INFO  - 2020-06-27T06:29:42.463Z] Session [95d64740-b83f-11ea-bccd-7b043d6100d2] - page.settings - {"XSSAuditingEnabled":false,"javascriptCanCloseWindows":true,"javascriptCanOpenWindows":true,"javascriptEnabled":true,"loadImages":true,"localToRemoteUrlAccessEnabled":false,"userAgent":"Mozilla/5.0 (Windows NT 6.2; WOW64) AppleWebKit/538.1 (KHTML, like Gecko) PhantomJS/2.1.1 Safari/538.1","webSecurityEnabled":true}
[INFO  - 2020-06-27T06:29:42.463Z] Session [95d64740-b83f-11ea-bccd-7b043d6100d2] - page.customHeaders:  - {}
[INFO  - 2020-06-27T06:29:42.463Z] Session [95d64740-b83f-11ea-bccd-7b043d6100d2] - Session.negotiatedCapabilities - {"browserName":"phantomjs","version":"2.1.1","driverName":"ghostdriver","driverVersion":"1.2.0","platform":"windows-10-32bit","javascriptEnabled":true,"takesScreenshot":true,"handlesAlerts":false,"databaseEnabled":false,"locationContextEnabled":false,"applicationCacheEnabled":false,"browserConnectionEnabled":false,"cssSelectorsEnabled":true,"webStorageEnabled":false,"rotatable":false,"acceptSslCerts":false,"nativeEvents":true,"proxy":{"proxyType":"direct"}}
[INFO  - 2020-06-27T06:29:42.464Z] SessionManagerReqHand - _postNewSessionCommand - New Session Created: 95d64740-b83f-11ea-bccd-7b043d6100d2
[INFO  - 2020-06-27T06:30:00.100Z] ShutdownReqHand - _handle - About to shutdown
[INFO  - 2020-06-27T06:30:02.301Z] GhostDriver - Main - running on port 37297
[INFO  - 2020-06-27T06:30:02.396Z] Session [a1b81e30-b83f-11ea-878f-03bc6b05b73c] - page.settings - {"XSSAuditingEnabled":false,"javascriptCanCloseWindows":true,"javascriptCanOpenWindows":true,"javascriptEnabled":true,"loadImages":true,"localToRemoteUrlAccessEnabled":false,"userAgent":"Mozilla/5.0 (Windows NT 6.2; WOW64) AppleWebKit/538.1 (KHTML, like Gecko) PhantomJS/2.1.1 Safari/538.1","webSecurityEnabled":true}
[INFO  - 2020-06-27T06:30:02.396Z] Session [a1b81e30-b83f-11ea-878f-03bc6b05b73c] - page.customHeaders:  - {}
[INFO  - 2020-06-27T06:30:02.397Z] Session [a1b81e30-b83f-11ea-878f-03bc6b05b73c] - Session.negotiatedCapabilities - {"browserName":"phantomjs","version":"2.1.1","driverName":"ghostdriver","driverVersion":"1.2.0","platform":"windows-10-32bit","javascriptEnabled":true,"takesScreenshot":true,"handlesAlerts":false,"databaseEnabled":false,"locationContextEnabled":false,"applicationCacheEnabled":false,"browserConnectionEnabled":false,"cssSelectorsEnabled":true,"webStorageEnabled":false,"rotatable":false,"acceptSslCerts":false,"nativeEvents":true,"proxy":{"proxyType":"direct"}}
[INFO  - 2020-06-27T06:30:02.397Z] SessionManagerReqHand - _postNewSessionCommand - New Session Created: a1b81e30-b83f-11ea-878f-03bc6b05b73c
[INFO  - 2020-06-27T06:30:29.797Z] ShutdownReqHand - _handle - About to shutdown
[INFO  - 2020-06-27T06:30:32.219Z] GhostDriver - Main - running on port 40470
[INFO  - 2020-06-27T06:30:32.295Z] Session [b38aa600-b83f-11ea-85a8-0f813370f80b] - page.settings - {"XSSAuditingEnabled":false,"javascriptCanCloseWindows":true,"javascriptCanOpenWindows":true,"javascriptEnabled":true,"loadImages":true,"localToRemoteUrlAccessEnabled":false,"userAgent":"Mozilla/5.0 (Windows NT 6.2; WOW64) AppleWebKit/538.1 (KHTML, like Gecko) PhantomJS/2.1.1 Safari/538.1","webSecurityEnabled":true}
[INFO  - 2020-06-27T06:30:32.295Z] Session [b38aa600-b83f-11ea-85a8-0f813370f80b] - page.customHeaders:  - {}
[INFO  - 2020-06-27T06:30:32.295Z] Session [b38aa600-b83f-11ea-85a8-0f813370f80b] - Session.negotiatedCapabilities - {"browserName":"phantomjs","version":"2.1.1","driverName":"ghostdriver","driverVersion":"1.2.0","platform":"windows-10-32bit","javascriptEnabled":true,"takesScreenshot":true,"handlesAlerts":false,"databaseEnabled":false,"locationContextEnabled":false,"applicationCacheEnabled":false,"browserConnectionEnabled":false,"cssSelectorsEnabled":true,"webStorageEnabled":false,"rotatable":false,"acceptSslCerts":false,"nativeEvents":true,"proxy":{"proxyType":"direct"}}
[INFO  - 2020-06-27T06:30:32.295Z] SessionManagerReqHand - _postNewSessionCommand - New Session Created: b38aa600-b83f-11ea-85a8-0f813370f80b
[INFO  - 2020-06-27T06:30:56.316Z] ShutdownReqHand - _handle - About to shutdown
[INFO  - 2020-06-27T06:30:58.521Z] GhostDriver - Main - running on port 13871
[INFO  - 2020-06-27T06:30:58.556Z] Session [c3321070-b83f-11ea-b780-b5345e0123bc] - page.settings - {"XSSAuditingEnabled":false,"javascriptCanCloseWindows":true,"javascriptCanOpenWindows":true,"javascriptEnabled":true,"loadImages":true,"localToRemoteUrlAccessEnabled":false,"userAgent":"Mozilla/5.0 (Windows NT 6.2; WOW64) AppleWebKit/538.1 (KHTML, like Gecko) PhantomJS/2.1.1 Safari/538.1","webSecurityEnabled":true}
[INFO  - 2020-06-27T06:30:58.556Z] Session [c3321070-b83f-11ea-b780-b5345e0123bc] - page.customHeaders:  - {}
[INFO  - 2020-06-27T06:30:58.556Z] Session [c3321070-b83f-11ea-b780-b5345e0123bc] - Session.negotiatedCapabilities - {"browserName":"phantomjs","version":"2.1.1","driverName":"ghostdriver","driverVersion":"1.2.0","platform":"windows-10-32bit","javascriptEnabled":true,"takesScreenshot":true,"handlesAlerts":false,"databaseEnabled":false,"locationContextEnabled":false,"applicationCacheEnabled":false,"browserConnectionEnabled":false,"cssSelectorsEnabled":true,"webStorageEnabled":false,"rotatable":false,"acceptSslCerts":false,"nativeEvents":true,"proxy":{"proxyType":"direct"}}
[INFO  - 2020-06-27T06:30:58.556Z] SessionManagerReqHand - _postNewSessionCommand - New Session Created: c3321070-b83f-11ea-b780-b5345e0123bc
[INFO  - 2020-06-27T06:31:22.528Z] ShutdownReqHand - _handle - About to shutdown
[INFO  - 2020-06-27T06:33:43.881Z] GhostDriver - Main - running on port 35957
[INFO  - 2020-06-27T06:33:44.503Z] Session [261acdd0-b840-11ea-bf63-7f982a4cc64f] - page.settings - {"XSSAuditingEnabled":false,"javascriptCanCloseWindows":true,"javascriptCanOpenWindows":true,"javascriptEnabled":true,"loadImages":true,"localToRemoteUrlAccessEnabled":false,"userAgent":"Mozilla/5.0 (Windows NT 6.2; WOW64) AppleWebKit/538.1 (KHTML, like Gecko) PhantomJS/2.1.1 Safari/538.1","webSecurityEnabled":true}
[INFO  - 2020-06-27T06:33:44.503Z] Session [261acdd0-b840-11ea-bf63-7f982a4cc64f] - page.customHeaders:  - {}
[INFO  - 2020-06-27T06:33:44.503Z] Session [261acdd0-b840-11ea-bf63-7f982a4cc64f] - Session.negotiatedCapabilities - {"browserName":"phantomjs","version":"2.1.1","driverName":"ghostdriver","driverVersion":"1.2.0","platform":"windows-10-32bit","javascriptEnabled":true,"takesScreenshot":true,"handlesAlerts":false,"databaseEnabled":false,"locationContextEnabled":false,"applicationCacheEnabled":false,"browserConnectionEnabled":false,"cssSelectorsEnabled":true,"webStorageEnabled":false,"rotatable":false,"acceptSslCerts":false,"nativeEvents":true,"proxy":{"proxyType":"direct"}}
[INFO  - 2020-06-27T06:33:44.503Z] SessionManagerReqHand - _postNewSessionCommand - New Session Created: 261acdd0-b840-11ea-bf63-7f982a4cc64f
[INFO  - 2020-06-27T06:33:56.388Z] ShutdownReqHand - _handle - About to shutdown
[INFO  - 2020-06-27T06:33:58.992Z] GhostDriver - Main - running on port 23352
[INFO  - 2020-06-27T06:33:59.011Z] Session [2ec176f0-b840-11ea-8ca9-272059f64b36] - page.settings - {"XSSAuditingEnabled":false,"javascriptCanCloseWindows":true,"javascriptCanOpenWindows":true,"javascriptEnabled":true,"loadImages":true,"localToRemoteUrlAccessEnabled":false,"userAgent":"Mozilla/5.0 (Windows NT 6.2; WOW64) AppleWebKit/538.1 (KHTML, like Gecko) PhantomJS/2.1.1 Safari/538.1","webSecurityEnabled":true}
[INFO  - 2020-06-27T06:33:59.011Z] Session [2ec176f0-b840-11ea-8ca9-272059f64b36] - page.customHeaders:  - {}
[INFO  - 2020-06-27T06:33:59.011Z] Session [2ec176f0-b840-11ea-8ca9-272059f64b36] - Session.negotiatedCapabilities - {"browserName":"phantomjs","version":"2.1.1","driverName":"ghostdriver","driverVersion":"1.2.0","platform":"windows-10-32bit","javascriptEnabled":true,"takesScreenshot":true,"handlesAlerts":false,"databaseEnabled":false,"locationContextEnabled":false,"applicationCacheEnabled":false,"browserConnectionEnabled":false,"cssSelectorsEnabled":true,"webStorageEnabled":false,"rotatable":false,"acceptSslCerts":false,"nativeEvents":true,"proxy":{"proxyType":"direct"}}
[INFO  - 2020-06-27T06:33:59.011Z] SessionManagerReqHand - _postNewSessionCommand - New Session Created: 2ec176f0-b840-11ea-8ca9-272059f64b36
[INFO  - 2020-06-27T06:34:13.330Z] ShutdownReqHand - _handle - About to shutdown
[INFO  - 2020-06-27T06:34:15.526Z] GhostDriver - Main - running on port 4898
[INFO  - 2020-06-27T06:34:15.563Z] Session [389f1970-b840-11ea-99a7-957b42541cd5] - page.settings - {"XSSAuditingEnabled":false,"javascriptCanCloseWindows":true,"javascriptCanOpenWindows":true,"javascriptEnabled":true,"loadImages":true,"localToRemoteUrlAccessEnabled":false,"userAgent":"Mozilla/5.0 (Windows NT 6.2; WOW64) AppleWebKit/538.1 (KHTML, like Gecko) PhantomJS/2.1.1 Safari/538.1","webSecurityEnabled":true}
[INFO  - 2020-06-27T06:34:15.563Z] Session [389f1970-b840-11ea-99a7-957b42541cd5] - page.customHeaders:  - {}
[INFO  - 2020-06-27T06:34:15.563Z] Session [389f1970-b840-11ea-99a7-957b42541cd5] - Session.negotiatedCapabilities - {"browserName":"phantomjs","version":"2.1.1","driverName":"ghostdriver","driverVersion":"1.2.0","platform":"windows-10-32bit","javascriptEnabled":true,"takesScreenshot":true,"handlesAlerts":false,"databaseEnabled":false,"locationContextEnabled":false,"applicationCacheEnabled":false,"browserConnectionEnabled":false,"cssSelectorsEnabled":true,"webStorageEnabled":false,"rotatable":false,"acceptSslCerts":false,"nativeEvents":true,"proxy":{"proxyType":"direct"}}
[INFO  - 2020-06-27T06:34:15.563Z] SessionManagerReqHand - _postNewSessionCommand - New Session Created: 389f1970-b840-11ea-99a7-957b42541cd5
[INFO  - 2020-06-27T06:34:33.307Z] ShutdownReqHand - _handle - About to shutdown
[INFO  - 2020-06-27T06:34:35.566Z] GhostDriver - Main - running on port 10731
[INFO  - 2020-06-27T06:34:35.655Z] Session [4498be20-b840-11ea-8ccf-5be3f2072fcd] - page.settings - {"XSSAuditingEnabled":false,"javascriptCanCloseWindows":true,"javascriptCanOpenWindows":true,"javascriptEnabled":true,"loadImages":true,"localToRemoteUrlAccessEnabled":false,"userAgent":"Mozilla/5.0 (Windows NT 6.2; WOW64) AppleWebKit/538.1 (KHTML, like Gecko) PhantomJS/2.1.1 Safari/538.1","webSecurityEnabled":true}
[INFO  - 2020-06-27T06:34:35.655Z] Session [4498be20-b840-11ea-8ccf-5be3f2072fcd] - page.customHeaders:  - {}
[INFO  - 2020-06-27T06:34:35.655Z] Session [4498be20-b840-11ea-8ccf-5be3f2072fcd] - Session.negotiatedCapabilities - {"browserName":"phantomjs","version":"2.1.1","driverName":"ghostdriver","driverVersion":"1.2.0","platform":"windows-10-32bit","javascriptEnabled":true,"takesScreenshot":true,"handlesAlerts":false,"databaseEnabled":false,"locationContextEnabled":false,"applicationCacheEnabled":false,"browserConnectionEnabled":false,"cssSelectorsEnabled":true,"webStorageEnabled":false,"rotatable":false,"acceptSslCerts":false,"nativeEvents":true,"proxy":{"proxyType":"direct"}}
[INFO  - 2020-06-27T06:34:35.655Z] SessionManagerReqHand - _postNewSessionCommand - New Session Created: 4498be20-b840-11ea-8ccf-5be3f2072fcd
[INFO  - 2020-06-27T06:35:02.126Z] ShutdownReqHand - _handle - About to shutdown
[INFO  - 2020-06-27T06:35:04.543Z] GhostDriver - Main - running on port 46856
[INFO  - 2020-06-27T06:35:05.065Z] Session [561f96f0-b840-11ea-bf55-41db51a301bc] - page.settings - {"XSSAuditingEnabled":false,"javascriptCanCloseWindows":true,"javascriptCanOpenWindows":true,"javascriptEnabled":true,"loadImages":true,"localToRemoteUrlAccessEnabled":false,"userAgent":"Mozilla/5.0 (Windows NT 6.2; WOW64) AppleWebKit/538.1 (KHTML, like Gecko) PhantomJS/2.1.1 Safari/538.1","webSecurityEnabled":true}
[INFO  - 2020-06-27T06:35:05.065Z] Session [561f96f0-b840-11ea-bf55-41db51a301bc] - page.customHeaders:  - {}
[INFO  - 2020-06-27T06:35:05.066Z] Session [561f96f0-b840-11ea-bf55-41db51a301bc] - Session.negotiatedCapabilities - {"browserName":"phantomjs","version":"2.1.1","driverName":"ghostdriver","driverVersion":"1.2.0","platform":"windows-10-32bit","javascriptEnabled":true,"takesScreenshot":true,"handlesAlerts":false,"databaseEnabled":false,"locationContextEnabled":false,"applicationCacheEnabled":false,"browserConnectionEnabled":false,"cssSelectorsEnabled":true,"webStorageEnabled":false,"rotatable":false,"acceptSslCerts":false,"nativeEvents":true,"proxy":{"proxyType":"direct"}}
[INFO  - 2020-06-27T06:35:05.066Z] SessionManagerReqHand - _postNewSessionCommand - New Session Created: 561f96f0-b840-11ea-bf55-41db51a301bc
[INFO  - 2020-06-27T06:35:29.761Z] ShutdownReqHand - _handle - About to shutdown
[INFO  - 2020-06-27T06:35:31.995Z] GhostDriver - Main - running on port 42821
[INFO  - 2020-06-27T06:35:32.035Z] Session [6633ccf0-b840-11ea-94a7-034733ce8c85] - page.settings - {"XSSAuditingEnabled":false,"javascriptCanCloseWindows":true,"javascriptCanOpenWindows":true,"javascriptEnabled":true,"loadImages":true,"localToRemoteUrlAccessEnabled":false,"userAgent":"Mozilla/5.0 (Windows NT 6.2; WOW64) AppleWebKit/538.1 (KHTML, like Gecko) PhantomJS/2.1.1 Safari/538.1","webSecurityEnabled":true}
[INFO  - 2020-06-27T06:35:32.035Z] Session [6633ccf0-b840-11ea-94a7-034733ce8c85] - page.customHeaders:  - {}
[INFO  - 2020-06-27T06:35:32.035Z] Session [6633ccf0-b840-11ea-94a7-034733ce8c85] - Session.negotiatedCapabilities - {"browserName":"phantomjs","version":"2.1.1","driverName":"ghostdriver","driverVersion":"1.2.0","platform":"windows-10-32bit","javascriptEnabled":true,"takesScreenshot":true,"handlesAlerts":false,"databaseEnabled":false,"locationContextEnabled":false,"applicationCacheEnabled":false,"browserConnectionEnabled":false,"cssSelectorsEnabled":true,"webStorageEnabled":false,"rotatable":false,"acceptSslCerts":false,"nativeEvents":true,"proxy":{"proxyType":"direct"}}
[INFO  - 2020-06-27T06:35:32.035Z] SessionManagerReqHand - _postNewSessionCommand - New Session Created: 6633ccf0-b840-11ea-94a7-034733ce8c85
[INFO  - 2020-06-27T06:35:56.160Z] ShutdownReqHand - _handle - About to shutdown
[INFO  - 2020-06-27T06:40:01.407Z] GhostDriver - Main - running on port 40942
[INFO  - 2020-06-27T06:40:02.224Z] Session [073e9b70-b841-11ea-9e92-6923afdb7a41] - page.settings - {"XSSAuditingEnabled":false,"javascriptCanCloseWindows":true,"javascriptCanOpenWindows":true,"javascriptEnabled":true,"loadImages":true,"localToRemoteUrlAccessEnabled":false,"userAgent":"Mozilla/5.0 (Windows NT 6.2; WOW64) AppleWebKit/538.1 (KHTML, like Gecko) PhantomJS/2.1.1 Safari/538.1","webSecurityEnabled":true}
[INFO  - 2020-06-27T06:40:02.225Z] Session [073e9b70-b841-11ea-9e92-6923afdb7a41] - page.customHeaders:  - {}
[INFO  - 2020-06-27T06:40:02.225Z] Session [073e9b70-b841-11ea-9e92-6923afdb7a41] - Session.negotiatedCapabilities - {"browserName":"phantomjs","version":"2.1.1","driverName":"ghostdriver","driverVersion":"1.2.0","platform":"windows-10-32bit","javascriptEnabled":true,"takesScreenshot":true,"handlesAlerts":false,"databaseEnabled":false,"locationContextEnabled":false,"applicationCacheEnabled":false,"browserConnectionEnabled":false,"cssSelectorsEnabled":true,"webStorageEnabled":false,"rotatable":false,"acceptSslCerts":false,"nativeEvents":true,"proxy":{"proxyType":"direct"}}
[INFO  - 2020-06-27T06:40:02.225Z] SessionManagerReqHand - _postNewSessionCommand - New Session Created: 073e9b70-b841-11ea-9e92-6923afdb7a41
[INFO  - 2020-06-27T06:40:21.914Z] ShutdownReqHand - _handle - About to shutdown
[INFO  - 2020-06-27T06:40:24.729Z] GhostDriver - Main - running on port 36727
[INFO  - 2020-06-27T06:40:25.282Z] Session [14fcac70-b841-11ea-9a28-6d64479c8496] - page.settings - {"XSSAuditingEnabled":false,"javascriptCanCloseWindows":true,"javascriptCanOpenWindows":true,"javascriptEnabled":true,"loadImages":true,"localToRemoteUrlAccessEnabled":false,"userAgent":"Mozilla/5.0 (Windows NT 6.2; WOW64) AppleWebKit/538.1 (KHTML, like Gecko) PhantomJS/2.1.1 Safari/538.1","webSecurityEnabled":true}
[INFO  - 2020-06-27T06:40:25.282Z] Session [14fcac70-b841-11ea-9a28-6d64479c8496] - page.customHeaders:  - {}
[INFO  - 2020-06-27T06:40:25.283Z] Session [14fcac70-b841-11ea-9a28-6d64479c8496] - Session.negotiatedCapabilities - {"browserName":"phantomjs","version":"2.1.1","driverName":"ghostdriver","driverVersion":"1.2.0","platform":"windows-10-32bit","javascriptEnabled":true,"takesScreenshot":true,"handlesAlerts":false,"databaseEnabled":false,"locationContextEnabled":false,"applicationCacheEnabled":false,"browserConnectionEnabled":false,"cssSelectorsEnabled":true,"webStorageEnabled":false,"rotatable":false,"acceptSslCerts":false,"nativeEvents":true,"proxy":{"proxyType":"direct"}}
[INFO  - 2020-06-27T06:40:25.283Z] SessionManagerReqHand - _postNewSessionCommand - New Session Created: 14fcac70-b841-11ea-9a28-6d64479c8496
[INFO  - 2020-06-27T06:40:46.588Z] ShutdownReqHand - _handle - About to shutdown
[INFO  - 2020-06-27T06:40:48.779Z] GhostDriver - Main - running on port 43430
[INFO  - 2020-06-27T06:40:48.831Z] Session [23061e50-b841-11ea-bdcc-8178f5b41a6b] - page.settings - {"XSSAuditingEnabled":false,"javascriptCanCloseWindows":true,"javascriptCanOpenWindows":true,"javascriptEnabled":true,"loadImages":true,"localToRemoteUrlAccessEnabled":false,"userAgent":"Mozilla/5.0 (Windows NT 6.2; WOW64) AppleWebKit/538.1 (KHTML, like Gecko) PhantomJS/2.1.1 Safari/538.1","webSecurityEnabled":true}
[INFO  - 2020-06-27T06:40:48.832Z] Session [23061e50-b841-11ea-bdcc-8178f5b41a6b] - page.customHeaders:  - {}
[INFO  - 2020-06-27T06:40:48.832Z] Session [23061e50-b841-11ea-bdcc-8178f5b41a6b] - Session.negotiatedCapabilities - {"browserName":"phantomjs","version":"2.1.1","driverName":"ghostdriver","driverVersion":"1.2.0","platform":"windows-10-32bit","javascriptEnabled":true,"takesScreenshot":true,"handlesAlerts":false,"databaseEnabled":false,"locationContextEnabled":false,"applicationCacheEnabled":false,"browserConnectionEnabled":false,"cssSelectorsEnabled":true,"webStorageEnabled":false,"rotatable":false,"acceptSslCerts":false,"nativeEvents":true,"proxy":{"proxyType":"direct"}}
[INFO  - 2020-06-27T06:40:48.832Z] SessionManagerReqHand - _postNewSessionCommand - New Session Created: 23061e50-b841-11ea-bdcc-8178f5b41a6b
[INFO  - 2020-06-27T06:41:09.193Z] ShutdownReqHand - _handle - About to shutdown
[INFO  - 2020-06-27T06:41:11.637Z] GhostDriver - Main - running on port 9682
[INFO  - 2020-06-27T06:41:11.707Z] Session [30a842e0-b841-11ea-ad60-25dd4fd863ed] - page.settings - {"XSSAuditingEnabled":false,"javascriptCanCloseWindows":true,"javascriptCanOpenWindows":true,"javascriptEnabled":true,"loadImages":true,"localToRemoteUrlAccessEnabled":false,"userAgent":"Mozilla/5.0 (Windows NT 6.2; WOW64) AppleWebKit/538.1 (KHTML, like Gecko) PhantomJS/2.1.1 Safari/538.1","webSecurityEnabled":true}
[INFO  - 2020-06-27T06:41:11.707Z] Session [30a842e0-b841-11ea-ad60-25dd4fd863ed] - page.customHeaders:  - {}
[INFO  - 2020-06-27T06:41:11.707Z] Session [30a842e0-b841-11ea-ad60-25dd4fd863ed] - Session.negotiatedCapabilities - {"browserName":"phantomjs","version":"2.1.1","driverName":"ghostdriver","driverVersion":"1.2.0","platform":"windows-10-32bit","javascriptEnabled":true,"takesScreenshot":true,"handlesAlerts":false,"databaseEnabled":false,"locationContextEnabled":false,"applicationCacheEnabled":false,"browserConnectionEnabled":false,"cssSelectorsEnabled":true,"webStorageEnabled":false,"rotatable":false,"acceptSslCerts":false,"nativeEvents":true,"proxy":{"proxyType":"direct"}}
[INFO  - 2020-06-27T06:41:11.708Z] SessionManagerReqHand - _postNewSessionCommand - New Session Created: 30a842e0-b841-11ea-ad60-25dd4fd863ed
[INFO  - 2020-06-27T06:41:31.834Z] ShutdownReqHand - _handle - About to shutdown
[INFO  - 2020-06-27T06:41:34.692Z] GhostDriver - Main - running on port 2786
[INFO  - 2020-06-27T06:41:35.145Z] Session [3ea18820-b841-11ea-ad02-21d0b1afc62b] - page.settings - {"XSSAuditingEnabled":false,"javascriptCanCloseWindows":true,"javascriptCanOpenWindows":true,"javascriptEnabled":true,"loadImages":true,"localToRemoteUrlAccessEnabled":false,"userAgent":"Mozilla/5.0 (Windows NT 6.2; WOW64) AppleWebKit/538.1 (KHTML, like Gecko) PhantomJS/2.1.1 Safari/538.1","webSecurityEnabled":true}
[INFO  - 2020-06-27T06:41:35.145Z] Session [3ea18820-b841-11ea-ad02-21d0b1afc62b] - page.customHeaders:  - {}
[INFO  - 2020-06-27T06:41:35.145Z] Session [3ea18820-b841-11ea-ad02-21d0b1afc62b] - Session.negotiatedCapabilities - {"browserName":"phantomjs","version":"2.1.1","driverName":"ghostdriver","driverVersion":"1.2.0","platform":"windows-10-32bit","javascriptEnabled":true,"takesScreenshot":true,"handlesAlerts":false,"databaseEnabled":false,"locationContextEnabled":false,"applicationCacheEnabled":false,"browserConnectionEnabled":false,"cssSelectorsEnabled":true,"webStorageEnabled":false,"rotatable":false,"acceptSslCerts":false,"nativeEvents":true,"proxy":{"proxyType":"direct"}}
[INFO  - 2020-06-27T06:41:35.146Z] SessionManagerReqHand - _postNewSessionCommand - New Session Created: 3ea18820-b841-11ea-ad02-21d0b1afc62b
[INFO  - 2020-06-27T06:41:55.178Z] ShutdownReqHand - _handle - About to shutdown
[INFO  - 2020-06-27T06:41:57.494Z] GhostDriver - Main - running on port 40914
[INFO  - 2020-06-27T06:41:58.060Z] Session [4c495200-b841-11ea-be48-fb754954c4d9] - page.settings - {"XSSAuditingEnabled":false,"javascriptCanCloseWindows":true,"javascriptCanOpenWindows":true,"javascriptEnabled":true,"loadImages":true,"localToRemoteUrlAccessEnabled":false,"userAgent":"Mozilla/5.0 (Windows NT 6.2; WOW64) AppleWebKit/538.1 (KHTML, like Gecko) PhantomJS/2.1.1 Safari/538.1","webSecurityEnabled":true}
[INFO  - 2020-06-27T06:41:58.061Z] Session [4c495200-b841-11ea-be48-fb754954c4d9] - page.customHeaders:  - {}
[INFO  - 2020-06-27T06:41:58.061Z] Session [4c495200-b841-11ea-be48-fb754954c4d9] - Session.negotiatedCapabilities - {"browserName":"phantomjs","version":"2.1.1","driverName":"ghostdriver","driverVersion":"1.2.0","platform":"windows-10-32bit","javascriptEnabled":true,"takesScreenshot":true,"handlesAlerts":false,"databaseEnabled":false,"locationContextEnabled":false,"applicationCacheEnabled":false,"browserConnectionEnabled":false,"cssSelectorsEnabled":true,"webStorageEnabled":false,"rotatable":false,"acceptSslCerts":false,"nativeEvents":true,"proxy":{"proxyType":"direct"}}
[INFO  - 2020-06-27T06:41:58.061Z] SessionManagerReqHand - _postNewSessionCommand - New Session Created: 4c495200-b841-11ea-be48-fb754954c4d9
[INFO  - 2020-06-27T06:42:18.003Z] ShutdownReqHand - _handle - About to shutdown
[INFO  - 2020-06-27T06:42:20.366Z] GhostDriver - Main - running on port 14937
[INFO  - 2020-06-27T06:42:20.876Z] Session [59e29cf0-b841-11ea-bb94-f3dc92597ad5] - page.settings - {"XSSAuditingEnabled":false,"javascriptCanCloseWindows":true,"javascriptCanOpenWindows":true,"javascriptEnabled":true,"loadImages":true,"localToRemoteUrlAccessEnabled":false,"userAgent":"Mozilla/5.0 (Windows NT 6.2; WOW64) AppleWebKit/538.1 (KHTML, like Gecko) PhantomJS/2.1.1 Safari/538.1","webSecurityEnabled":true}
[INFO  - 2020-06-27T06:42:20.876Z] Session [59e29cf0-b841-11ea-bb94-f3dc92597ad5] - page.customHeaders:  - {}
[INFO  - 2020-06-27T06:42:20.876Z] Session [59e29cf0-b841-11ea-bb94-f3dc92597ad5] - Session.negotiatedCapabilities - {"browserName":"phantomjs","version":"2.1.1","driverName":"ghostdriver","driverVersion":"1.2.0","platform":"windows-10-32bit","javascriptEnabled":true,"takesScreenshot":true,"handlesAlerts":false,"databaseEnabled":false,"locationContextEnabled":false,"applicationCacheEnabled":false,"browserConnectionEnabled":false,"cssSelectorsEnabled":true,"webStorageEnabled":false,"rotatable":false,"acceptSslCerts":false,"nativeEvents":true,"proxy":{"proxyType":"direct"}}
[INFO  - 2020-06-27T06:42:20.877Z] SessionManagerReqHand - _postNewSessionCommand - New Session Created: 59e29cf0-b841-11ea-bb94-f3dc92597ad5
[INFO  - 2020-06-27T06:42:40.985Z] ShutdownReqHand - _handle - About to shutdown
[INFO  - 2020-06-27T07:15:07.379Z] GhostDriver - Main - running on port 22693
[INFO  - 2020-06-27T07:15:07.766Z] Session [ee3f6e10-b845-11ea-9880-434ce981183c] - page.settings - {"XSSAuditingEnabled":false,"javascriptCanCloseWindows":true,"javascriptCanOpenWindows":true,"javascriptEnabled":true,"loadImages":true,"localToRemoteUrlAccessEnabled":false,"userAgent":"Mozilla/5.0 (Windows NT 6.2; WOW64) AppleWebKit/538.1 (KHTML, like Gecko) PhantomJS/2.1.1 Safari/538.1","webSecurityEnabled":true}
[INFO  - 2020-06-27T07:15:07.766Z] Session [ee3f6e10-b845-11ea-9880-434ce981183c] - page.customHeaders:  - {}
[INFO  - 2020-06-27T07:15:07.766Z] Session [ee3f6e10-b845-11ea-9880-434ce981183c] - Session.negotiatedCapabilities - {"browserName":"phantomjs","version":"2.1.1","driverName":"ghostdriver","driverVersion":"1.2.0","platform":"windows-10-32bit","javascriptEnabled":true,"takesScreenshot":true,"handlesAlerts":false,"databaseEnabled":false,"locationContextEnabled":false,"applicationCacheEnabled":false,"browserConnectionEnabled":false,"cssSelectorsEnabled":true,"webStorageEnabled":false,"rotatable":false,"acceptSslCerts":false,"nativeEvents":true,"proxy":{"proxyType":"direct"}}
[INFO  - 2020-06-27T07:15:07.766Z] SessionManagerReqHand - _postNewSessionCommand - New Session Created: ee3f6e10-b845-11ea-9880-434ce981183c
[INFO  - 2020-06-27T07:15:24.480Z] ShutdownReqHand - _handle - About to shutdown
[INFO  - 2020-06-27T07:15:27.087Z] GhostDriver - Main - running on port 25465
[INFO  - 2020-06-27T07:15:27.498Z] Session [fa01af10-b845-11ea-8c29-2ba2e6d13a70] - page.settings - {"XSSAuditingEnabled":false,"javascriptCanCloseWindows":true,"javascriptCanOpenWindows":true,"javascriptEnabled":true,"loadImages":true,"localToRemoteUrlAccessEnabled":false,"userAgent":"Mozilla/5.0 (Windows NT 6.2; WOW64) AppleWebKit/538.1 (KHTML, like Gecko) PhantomJS/2.1.1 Safari/538.1","webSecurityEnabled":true}
[INFO  - 2020-06-27T07:15:27.498Z] Session [fa01af10-b845-11ea-8c29-2ba2e6d13a70] - page.customHeaders:  - {}
[INFO  - 2020-06-27T07:15:27.499Z] Session [fa01af10-b845-11ea-8c29-2ba2e6d13a70] - Session.negotiatedCapabilities - {"browserName":"phantomjs","version":"2.1.1","driverName":"ghostdriver","driverVersion":"1.2.0","platform":"windows-10-32bit","javascriptEnabled":true,"takesScreenshot":true,"handlesAlerts":false,"databaseEnabled":false,"locationContextEnabled":false,"applicationCacheEnabled":false,"browserConnectionEnabled":false,"cssSelectorsEnabled":true,"webStorageEnabled":false,"rotatable":false,"acceptSslCerts":false,"nativeEvents":true,"proxy":{"proxyType":"direct"}}
[INFO  - 2020-06-27T07:15:27.499Z] SessionManagerReqHand - _postNewSessionCommand - New Session Created: fa01af10-b845-11ea-8c29-2ba2e6d13a70
[INFO  - 2020-06-27T07:15:47.834Z] ShutdownReqHand - _handle - About to shutdown
[INFO  - 2020-06-27T07:15:50.118Z] GhostDriver - Main - running on port 18077
[INFO  - 2020-06-27T07:15:50.176Z] Session [078687a0-b846-11ea-8066-7d56166f3ac9] - page.settings - {"XSSAuditingEnabled":false,"javascriptCanCloseWindows":true,"javascriptCanOpenWindows":true,"javascriptEnabled":true,"loadImages":true,"localToRemoteUrlAccessEnabled":false,"userAgent":"Mozilla/5.0 (Windows NT 6.2; WOW64) AppleWebKit/538.1 (KHTML, like Gecko) PhantomJS/2.1.1 Safari/538.1","webSecurityEnabled":true}
[INFO  - 2020-06-27T07:15:50.176Z] Session [078687a0-b846-11ea-8066-7d56166f3ac9] - page.customHeaders:  - {}
[INFO  - 2020-06-27T07:15:50.176Z] Session [078687a0-b846-11ea-8066-7d56166f3ac9] - Session.negotiatedCapabilities - {"browserName":"phantomjs","version":"2.1.1","driverName":"ghostdriver","driverVersion":"1.2.0","platform":"windows-10-32bit","javascriptEnabled":true,"takesScreenshot":true,"handlesAlerts":false,"databaseEnabled":false,"locationContextEnabled":false,"applicationCacheEnabled":false,"browserConnectionEnabled":false,"cssSelectorsEnabled":true,"webStorageEnabled":false,"rotatable":false,"acceptSslCerts":false,"nativeEvents":true,"proxy":{"proxyType":"direct"}}
[INFO  - 2020-06-27T07:15:50.177Z] SessionManagerReqHand - _postNewSessionCommand - New Session Created: 078687a0-b846-11ea-8066-7d56166f3ac9
[INFO  - 2020-06-27T07:16:10.325Z] ShutdownReqHand - _handle - About to shutdown
[INFO  - 2020-06-27T07:16:12.509Z] GhostDriver - Main - running on port 26861
[INFO  - 2020-06-27T07:16:12.560Z] Session [14de35b0-b846-11ea-b3d7-b76fc0712e2a] - page.settings - {"XSSAuditingEnabled":false,"javascriptCanCloseWindows":true,"javascriptCanOpenWindows":true,"javascriptEnabled":true,"loadImages":true,"localToRemoteUrlAccessEnabled":false,"userAgent":"Mozilla/5.0 (Windows NT 6.2; WOW64) AppleWebKit/538.1 (KHTML, like Gecko) PhantomJS/2.1.1 Safari/538.1","webSecurityEnabled":true}
[INFO  - 2020-06-27T07:16:12.560Z] Session [14de35b0-b846-11ea-b3d7-b76fc0712e2a] - page.customHeaders:  - {}
[INFO  - 2020-06-27T07:16:12.560Z] Session [14de35b0-b846-11ea-b3d7-b76fc0712e2a] - Session.negotiatedCapabilities - {"browserName":"phantomjs","version":"2.1.1","driverName":"ghostdriver","driverVersion":"1.2.0","platform":"windows-10-32bit","javascriptEnabled":true,"takesScreenshot":true,"handlesAlerts":false,"databaseEnabled":false,"locationContextEnabled":false,"applicationCacheEnabled":false,"browserConnectionEnabled":false,"cssSelectorsEnabled":true,"webStorageEnabled":false,"rotatable":false,"acceptSslCerts":false,"nativeEvents":true,"proxy":{"proxyType":"direct"}}
[INFO  - 2020-06-27T07:16:12.560Z] SessionManagerReqHand - _postNewSessionCommand - New Session Created: 14de35b0-b846-11ea-b3d7-b76fc0712e2a
[INFO  - 2020-06-27T07:16:32.470Z] ShutdownReqHand - _handle - About to shutdown
[INFO  - 2020-06-27T07:16:34.848Z] GhostDriver - Main - running on port 27649
[INFO  - 2020-06-27T07:16:35.410Z] Session [227b5130-b846-11ea-ac27-37cee7e181fa] - page.settings - {"XSSAuditingEnabled":false,"javascriptCanCloseWindows":true,"javascriptCanOpenWindows":true,"javascriptEnabled":true,"loadImages":true,"localToRemoteUrlAccessEnabled":false,"userAgent":"Mozilla/5.0 (Windows NT 6.2; WOW64) AppleWebKit/538.1 (KHTML, like Gecko) PhantomJS/2.1.1 Safari/538.1","webSecurityEnabled":true}
[INFO  - 2020-06-27T07:16:35.410Z] Session [227b5130-b846-11ea-ac27-37cee7e181fa] - page.customHeaders:  - {}
[INFO  - 2020-06-27T07:16:35.411Z] Session [227b5130-b846-11ea-ac27-37cee7e181fa] - Session.negotiatedCapabilities - {"browserName":"phantomjs","version":"2.1.1","driverName":"ghostdriver","driverVersion":"1.2.0","platform":"windows-10-32bit","javascriptEnabled":true,"takesScreenshot":true,"handlesAlerts":false,"databaseEnabled":false,"locationContextEnabled":false,"applicationCacheEnabled":false,"browserConnectionEnabled":false,"cssSelectorsEnabled":true,"webStorageEnabled":false,"rotatable":false,"acceptSslCerts":false,"nativeEvents":true,"proxy":{"proxyType":"direct"}}
[INFO  - 2020-06-27T07:16:35.411Z] SessionManagerReqHand - _postNewSessionCommand - New Session Created: 227b5130-b846-11ea-ac27-37cee7e181fa
[INFO  - 2020-06-27T07:16:55.507Z] ShutdownReqHand - _handle - About to shutdown
[INFO  - 2020-06-27T07:16:57.797Z] GhostDriver - Main - running on port 31965
[INFO  - 2020-06-27T07:16:57.844Z] Session [2fdc2700-b846-11ea-bfc2-a97d0a2896c7] - page.settings - {"XSSAuditingEnabled":false,"javascriptCanCloseWindows":true,"javascriptCanOpenWindows":true,"javascriptEnabled":true,"loadImages":true,"localToRemoteUrlAccessEnabled":false,"userAgent":"Mozilla/5.0 (Windows NT 6.2; WOW64) AppleWebKit/538.1 (KHTML, like Gecko) PhantomJS/2.1.1 Safari/538.1","webSecurityEnabled":true}
[INFO  - 2020-06-27T07:16:57.844Z] Session [2fdc2700-b846-11ea-bfc2-a97d0a2896c7] - page.customHeaders:  - {}
[INFO  - 2020-06-27T07:16:57.844Z] Session [2fdc2700-b846-11ea-bfc2-a97d0a2896c7] - Session.negotiatedCapabilities - {"browserName":"phantomjs","version":"2.1.1","driverName":"ghostdriver","driverVersion":"1.2.0","platform":"windows-10-32bit","javascriptEnabled":true,"takesScreenshot":true,"handlesAlerts":false,"databaseEnabled":false,"locationContextEnabled":false,"applicationCacheEnabled":false,"browserConnectionEnabled":false,"cssSelectorsEnabled":true,"webStorageEnabled":false,"rotatable":false,"acceptSslCerts":false,"nativeEvents":true,"proxy":{"proxyType":"direct"}}
[INFO  - 2020-06-27T07:16:57.844Z] SessionManagerReqHand - _postNewSessionCommand - New Session Created: 2fdc2700-b846-11ea-bfc2-a97d0a2896c7
[INFO  - 2020-06-27T07:17:17.779Z] ShutdownReqHand - _handle - About to shutdown
[INFO  - 2020-06-27T07:17:20.125Z] GhostDriver - Main - running on port 25592
[INFO  - 2020-06-27T07:17:20.628Z] Session [3d6f5770-b846-11ea-a129-c52aa0bb31c8] - page.settings - {"XSSAuditingEnabled":false,"javascriptCanCloseWindows":true,"javascriptCanOpenWindows":true,"javascriptEnabled":true,"loadImages":true,"localToRemoteUrlAccessEnabled":false,"userAgent":"Mozilla/5.0 (Windows NT 6.2; WOW64) AppleWebKit/538.1 (KHTML, like Gecko) PhantomJS/2.1.1 Safari/538.1","webSecurityEnabled":true}
[INFO  - 2020-06-27T07:17:20.628Z] Session [3d6f5770-b846-11ea-a129-c52aa0bb31c8] - page.customHeaders:  - {}
[INFO  - 2020-06-27T07:17:20.628Z] Session [3d6f5770-b846-11ea-a129-c52aa0bb31c8] - Session.negotiatedCapabilities - {"browserName":"phantomjs","version":"2.1.1","driverName":"ghostdriver","driverVersion":"1.2.0","platform":"windows-10-32bit","javascriptEnabled":true,"takesScreenshot":true,"handlesAlerts":false,"databaseEnabled":false,"locationContextEnabled":false,"applicationCacheEnabled":false,"browserConnectionEnabled":false,"cssSelectorsEnabled":true,"webStorageEnabled":false,"rotatable":false,"acceptSslCerts":false,"nativeEvents":true,"proxy":{"proxyType":"direct"}}
[INFO  - 2020-06-27T07:17:20.629Z] SessionManagerReqHand - _postNewSessionCommand - New Session Created: 3d6f5770-b846-11ea-a129-c52aa0bb31c8
[INFO  - 2020-06-27T07:17:40.836Z] ShutdownReqHand - _handle - About to shutdown
[INFO  - 2020-06-27T07:17:43.451Z] GhostDriver - Main - running on port 19153
[INFO  - 2020-06-27T07:17:43.811Z] Session [4b40f070-b846-11ea-90aa-2b3c1eddc2eb] - page.settings - {"XSSAuditingEnabled":false,"javascriptCanCloseWindows":true,"javascriptCanOpenWindows":true,"javascriptEnabled":true,"loadImages":true,"localToRemoteUrlAccessEnabled":false,"userAgent":"Mozilla/5.0 (Windows NT 6.2; WOW64) AppleWebKit/538.1 (KHTML, like Gecko) PhantomJS/2.1.1 Safari/538.1","webSecurityEnabled":true}
[INFO  - 2020-06-27T07:17:43.812Z] Session [4b40f070-b846-11ea-90aa-2b3c1eddc2eb] - page.customHeaders:  - {}
[INFO  - 2020-06-27T07:17:43.812Z] Session [4b40f070-b846-11ea-90aa-2b3c1eddc2eb] - Session.negotiatedCapabilities - {"browserName":"phantomjs","version":"2.1.1","driverName":"ghostdriver","driverVersion":"1.2.0","platform":"windows-10-32bit","javascriptEnabled":true,"takesScreenshot":true,"handlesAlerts":false,"databaseEnabled":false,"locationContextEnabled":false,"applicationCacheEnabled":false,"browserConnectionEnabled":false,"cssSelectorsEnabled":true,"webStorageEnabled":false,"rotatable":false,"acceptSslCerts":false,"nativeEvents":true,"proxy":{"proxyType":"direct"}}
[INFO  - 2020-06-27T07:17:43.812Z] SessionManagerReqHand - _postNewSessionCommand - New Session Created: 4b40f070-b846-11ea-90aa-2b3c1eddc2eb
[INFO  - 2020-06-27T07:18:02.740Z] ShutdownReqHand - _handle - About to shutdown
[INFO  - 2020-06-27T07:18:05.092Z] GhostDriver - Main - running on port 22879
[INFO  - 2020-06-27T07:18:05.648Z] Session [584415e0-b846-11ea-9f97-ef1c2b714120] - page.settings - {"XSSAuditingEnabled":false,"javascriptCanCloseWindows":true,"javascriptCanOpenWindows":true,"javascriptEnabled":true,"loadImages":true,"localToRemoteUrlAccessEnabled":false,"userAgent":"Mozilla/5.0 (Windows NT 6.2; WOW64) AppleWebKit/538.1 (KHTML, like Gecko) PhantomJS/2.1.1 Safari/538.1","webSecurityEnabled":true}
[INFO  - 2020-06-27T07:18:05.648Z] Session [584415e0-b846-11ea-9f97-ef1c2b714120] - page.customHeaders:  - {}
[INFO  - 2020-06-27T07:18:05.648Z] Session [584415e0-b846-11ea-9f97-ef1c2b714120] - Session.negotiatedCapabilities - {"browserName":"phantomjs","version":"2.1.1","driverName":"ghostdriver","driverVersion":"1.2.0","platform":"windows-10-32bit","javascriptEnabled":true,"takesScreenshot":true,"handlesAlerts":false,"databaseEnabled":false,"locationContextEnabled":false,"applicationCacheEnabled":false,"browserConnectionEnabled":false,"cssSelectorsEnabled":true,"webStorageEnabled":false,"rotatable":false,"acceptSslCerts":false,"nativeEvents":true,"proxy":{"proxyType":"direct"}}
[INFO  - 2020-06-27T07:18:05.648Z] SessionManagerReqHand - _postNewSessionCommand - New Session Created: 584415e0-b846-11ea-9f97-ef1c2b714120
[INFO  - 2020-06-27T07:18:24.072Z] ShutdownReqHand - _handle - About to shutdown
[INFO  - 2020-06-27T07:18:26.404Z] GhostDriver - Main - running on port 26587
[INFO  - 2020-06-27T07:18:27.013Z] Session [65017fc0-b846-11ea-a73a-bfd19954f585] - page.settings - {"XSSAuditingEnabled":false,"javascriptCanCloseWindows":true,"javascriptCanOpenWindows":true,"javascriptEnabled":true,"loadImages":true,"localToRemoteUrlAccessEnabled":false,"userAgent":"Mozilla/5.0 (Windows NT 6.2; WOW64) AppleWebKit/538.1 (KHTML, like Gecko) PhantomJS/2.1.1 Safari/538.1","webSecurityEnabled":true}
[INFO  - 2020-06-27T07:18:27.014Z] Session [65017fc0-b846-11ea-a73a-bfd19954f585] - page.customHeaders:  - {}
[INFO  - 2020-06-27T07:18:27.014Z] Session [65017fc0-b846-11ea-a73a-bfd19954f585] - Session.negotiatedCapabilities - {"browserName":"phantomjs","version":"2.1.1","driverName":"ghostdriver","driverVersion":"1.2.0","platform":"windows-10-32bit","javascriptEnabled":true,"takesScreenshot":true,"handlesAlerts":false,"databaseEnabled":false,"locationContextEnabled":false,"applicationCacheEnabled":false,"browserConnectionEnabled":false,"cssSelectorsEnabled":true,"webStorageEnabled":false,"rotatable":false,"acceptSslCerts":false,"nativeEvents":true,"proxy":{"proxyType":"direct"}}
[INFO  - 2020-06-27T07:18:27.014Z] SessionManagerReqHand - _postNewSessionCommand - New Session Created: 65017fc0-b846-11ea-a73a-bfd19954f585
[INFO  - 2020-06-27T07:18:45.146Z] ShutdownReqHand - _handle - About to shutdown
[INFO  - 2020-06-27T07:18:46.952Z] GhostDriver - Main - running on port 2210
[INFO  - 2020-06-27T07:18:47.532Z] Session [713bfe00-b846-11ea-94fc-03bbdd407263] - page.settings - {"XSSAuditingEnabled":false,"javascriptCanCloseWindows":true,"javascriptCanOpenWindows":true,"javascriptEnabled":true,"loadImages":true,"localToRemoteUrlAccessEnabled":false,"userAgent":"Mozilla/5.0 (Windows NT 6.2; WOW64) AppleWebKit/538.1 (KHTML, like Gecko) PhantomJS/2.1.1 Safari/538.1","webSecurityEnabled":true}
[INFO  - 2020-06-27T07:18:47.532Z] Session [713bfe00-b846-11ea-94fc-03bbdd407263] - page.customHeaders:  - {}
[INFO  - 2020-06-27T07:18:47.532Z] Session [713bfe00-b846-11ea-94fc-03bbdd407263] - Session.negotiatedCapabilities - {"browserName":"phantomjs","version":"2.1.1","driverName":"ghostdriver","driverVersion":"1.2.0","platform":"windows-10-32bit","javascriptEnabled":true,"takesScreenshot":true,"handlesAlerts":false,"databaseEnabled":false,"locationContextEnabled":false,"applicationCacheEnabled":false,"browserConnectionEnabled":false,"cssSelectorsEnabled":true,"webStorageEnabled":false,"rotatable":false,"acceptSslCerts":false,"nativeEvents":true,"proxy":{"proxyType":"direct"}}
[INFO  - 2020-06-27T07:18:47.533Z] SessionManagerReqHand - _postNewSessionCommand - New Session Created: 713bfe00-b846-11ea-94fc-03bbdd407263
[INFO  - 2020-06-27T07:19:05.552Z] ShutdownReqHand - _handle - About to shutdown
[INFO  - 2020-06-27T07:19:07.808Z] GhostDriver - Main - running on port 20370
[INFO  - 2020-06-27T07:19:07.907Z] Session [7d60f870-b846-11ea-bd77-19b20bb7366d] - page.settings - {"XSSAuditingEnabled":false,"javascriptCanCloseWindows":true,"javascriptCanOpenWindows":true,"javascriptEnabled":true,"loadImages":true,"localToRemoteUrlAccessEnabled":false,"userAgent":"Mozilla/5.0 (Windows NT 6.2; WOW64) AppleWebKit/538.1 (KHTML, like Gecko) PhantomJS/2.1.1 Safari/538.1","webSecurityEnabled":true}
[INFO  - 2020-06-27T07:19:07.907Z] Session [7d60f870-b846-11ea-bd77-19b20bb7366d] - page.customHeaders:  - {}
[INFO  - 2020-06-27T07:19:07.907Z] Session [7d60f870-b846-11ea-bd77-19b20bb7366d] - Session.negotiatedCapabilities - {"browserName":"phantomjs","version":"2.1.1","driverName":"ghostdriver","driverVersion":"1.2.0","platform":"windows-10-32bit","javascriptEnabled":true,"takesScreenshot":true,"handlesAlerts":false,"databaseEnabled":false,"locationContextEnabled":false,"applicationCacheEnabled":false,"browserConnectionEnabled":false,"cssSelectorsEnabled":true,"webStorageEnabled":false,"rotatable":false,"acceptSslCerts":false,"nativeEvents":true,"proxy":{"proxyType":"direct"}}
[INFO  - 2020-06-27T07:19:07.908Z] SessionManagerReqHand - _postNewSessionCommand - New Session Created: 7d60f870-b846-11ea-bd77-19b20bb7366d
[INFO  - 2020-06-27T07:19:26.103Z] ShutdownReqHand - _handle - About to shutdown
[INFO  - 2020-06-27T07:19:28.432Z] GhostDriver - Main - running on port 47348
[INFO  - 2020-06-27T07:19:28.481Z] Session [89a513a0-b846-11ea-913e-25764702488a] - page.settings - {"XSSAuditingEnabled":false,"javascriptCanCloseWindows":true,"javascriptCanOpenWindows":true,"javascriptEnabled":true,"loadImages":true,"localToRemoteUrlAccessEnabled":false,"userAgent":"Mozilla/5.0 (Windows NT 6.2; WOW64) AppleWebKit/538.1 (KHTML, like Gecko) PhantomJS/2.1.1 Safari/538.1","webSecurityEnabled":true}
[INFO  - 2020-06-27T07:19:28.482Z] Session [89a513a0-b846-11ea-913e-25764702488a] - page.customHeaders:  - {}
[INFO  - 2020-06-27T07:19:28.482Z] Session [89a513a0-b846-11ea-913e-25764702488a] - Session.negotiatedCapabilities - {"browserName":"phantomjs","version":"2.1.1","driverName":"ghostdriver","driverVersion":"1.2.0","platform":"windows-10-32bit","javascriptEnabled":true,"takesScreenshot":true,"handlesAlerts":false,"databaseEnabled":false,"locationContextEnabled":false,"applicationCacheEnabled":false,"browserConnectionEnabled":false,"cssSelectorsEnabled":true,"webStorageEnabled":false,"rotatable":false,"acceptSslCerts":false,"nativeEvents":true,"proxy":{"proxyType":"direct"}}
[INFO  - 2020-06-27T07:19:28.482Z] SessionManagerReqHand - _postNewSessionCommand - New Session Created: 89a513a0-b846-11ea-913e-25764702488a
[INFO  - 2020-06-27T07:19:47.190Z] ShutdownReqHand - _handle - About to shutdown
[INFO  - 2020-06-27T17:49:48.793Z] GhostDriver - Main - running on port 3344
[INFO  - 2020-06-27T17:49:49.550Z] Session [98c12600-b89e-11ea-bc95-658bad2dfff7] - page.settings - {"XSSAuditingEnabled":false,"javascriptCanCloseWindows":true,"javascriptCanOpenWindows":true,"javascriptEnabled":true,"loadImages":true,"localToRemoteUrlAccessEnabled":false,"userAgent":"Mozilla/5.0 (Windows NT 6.2; WOW64) AppleWebKit/538.1 (KHTML, like Gecko) PhantomJS/2.1.1 Safari/538.1","webSecurityEnabled":true}
[INFO  - 2020-06-27T17:49:49.550Z] Session [98c12600-b89e-11ea-bc95-658bad2dfff7] - page.customHeaders:  - {}
[INFO  - 2020-06-27T17:49:49.551Z] Session [98c12600-b89e-11ea-bc95-658bad2dfff7] - Session.negotiatedCapabilities - {"browserName":"phantomjs","version":"2.1.1","driverName":"ghostdriver","driverVersion":"1.2.0","platform":"windows-10-32bit","javascriptEnabled":true,"takesScreenshot":true,"handlesAlerts":false,"databaseEnabled":false,"locationContextEnabled":false,"applicationCacheEnabled":false,"browserConnectionEnabled":false,"cssSelectorsEnabled":true,"webStorageEnabled":false,"rotatable":false,"acceptSslCerts":false,"nativeEvents":true,"proxy":{"proxyType":"direct"}}
[INFO  - 2020-06-27T17:49:49.551Z] SessionManagerReqHand - _postNewSessionCommand - New Session Created: 98c12600-b89e-11ea-bc95-658bad2dfff7
[INFO  - 2020-06-27T17:50:02.663Z] ShutdownReqHand - _handle - About to shutdown
[INFO  - 2020-06-27T17:55:15.640Z] GhostDriver - Main - running on port 3042
[INFO  - 2020-06-27T17:55:16.492Z] Session [5ba0b0f0-b89f-11ea-980f-433cd05ce6b5] - page.settings - {"XSSAuditingEnabled":false,"javascriptCanCloseWindows":true,"javascriptCanOpenWindows":true,"javascriptEnabled":true,"loadImages":true,"localToRemoteUrlAccessEnabled":false,"userAgent":"Mozilla/5.0 (Windows NT 6.2; WOW64) AppleWebKit/538.1 (KHTML, like Gecko) PhantomJS/2.1.1 Safari/538.1","webSecurityEnabled":true}
[INFO  - 2020-06-27T17:55:16.492Z] Session [5ba0b0f0-b89f-11ea-980f-433cd05ce6b5] - page.customHeaders:  - {}
[INFO  - 2020-06-27T17:55:16.492Z] Session [5ba0b0f0-b89f-11ea-980f-433cd05ce6b5] - Session.negotiatedCapabilities - {"browserName":"phantomjs","version":"2.1.1","driverName":"ghostdriver","driverVersion":"1.2.0","platform":"windows-10-32bit","javascriptEnabled":true,"takesScreenshot":true,"handlesAlerts":false,"databaseEnabled":false,"locationContextEnabled":false,"applicationCacheEnabled":false,"browserConnectionEnabled":false,"cssSelectorsEnabled":true,"webStorageEnabled":false,"rotatable":false,"acceptSslCerts":false,"nativeEvents":true,"proxy":{"proxyType":"direct"}}
[INFO  - 2020-06-27T17:55:16.493Z] SessionManagerReqHand - _postNewSessionCommand - New Session Created: 5ba0b0f0-b89f-11ea-980f-433cd05ce6b5
[INFO  - 2020-06-27T17:55:35.279Z] ShutdownReqHand - _handle - About to shutdown
[INFO  - 2020-06-27T17:55:38.293Z] GhostDriver - Main - running on port 17078
[INFO  - 2020-06-27T17:55:38.952Z] Session [69033470-b89f-11ea-8de7-e35659d04c4f] - page.settings - {"XSSAuditingEnabled":false,"javascriptCanCloseWindows":true,"javascriptCanOpenWindows":true,"javascriptEnabled":true,"loadImages":true,"localToRemoteUrlAccessEnabled":false,"userAgent":"Mozilla/5.0 (Windows NT 6.2; WOW64) AppleWebKit/538.1 (KHTML, like Gecko) PhantomJS/2.1.1 Safari/538.1","webSecurityEnabled":true}
[INFO  - 2020-06-27T17:55:38.952Z] Session [69033470-b89f-11ea-8de7-e35659d04c4f] - page.customHeaders:  - {}
[INFO  - 2020-06-27T17:55:38.953Z] Session [69033470-b89f-11ea-8de7-e35659d04c4f] - Session.negotiatedCapabilities - {"browserName":"phantomjs","version":"2.1.1","driverName":"ghostdriver","driverVersion":"1.2.0","platform":"windows-10-32bit","javascriptEnabled":true,"takesScreenshot":true,"handlesAlerts":false,"databaseEnabled":false,"locationContextEnabled":false,"applicationCacheEnabled":false,"browserConnectionEnabled":false,"cssSelectorsEnabled":true,"webStorageEnabled":false,"rotatable":false,"acceptSslCerts":false,"nativeEvents":true,"proxy":{"proxyType":"direct"}}
[INFO  - 2020-06-27T17:55:38.954Z] SessionManagerReqHand - _postNewSessionCommand - New Session Created: 69033470-b89f-11ea-8de7-e35659d04c4f
[INFO  - 2020-06-27T17:56:00.774Z] ShutdownReqHand - _handle - About to shutdown
[INFO  - 2020-06-27T17:56:03.144Z] GhostDriver - Main - running on port 20713
[INFO  - 2020-06-27T17:56:03.275Z] Session [778299a0-b89f-11ea-8446-4b119d863898] - page.settings - {"XSSAuditingEnabled":false,"javascriptCanCloseWindows":true,"javascriptCanOpenWindows":true,"javascriptEnabled":true,"loadImages":true,"localToRemoteUrlAccessEnabled":false,"userAgent":"Mozilla/5.0 (Windows NT 6.2; WOW64) AppleWebKit/538.1 (KHTML, like Gecko) PhantomJS/2.1.1 Safari/538.1","webSecurityEnabled":true}
[INFO  - 2020-06-27T17:56:03.276Z] Session [778299a0-b89f-11ea-8446-4b119d863898] - page.customHeaders:  - {}
[INFO  - 2020-06-27T17:56:03.276Z] Session [778299a0-b89f-11ea-8446-4b119d863898] - Session.negotiatedCapabilities - {"browserName":"phantomjs","version":"2.1.1","driverName":"ghostdriver","driverVersion":"1.2.0","platform":"windows-10-32bit","javascriptEnabled":true,"takesScreenshot":true,"handlesAlerts":false,"databaseEnabled":false,"locationContextEnabled":false,"applicationCacheEnabled":false,"browserConnectionEnabled":false,"cssSelectorsEnabled":true,"webStorageEnabled":false,"rotatable":false,"acceptSslCerts":false,"nativeEvents":true,"proxy":{"proxyType":"direct"}}
[INFO  - 2020-06-27T17:56:03.277Z] SessionManagerReqHand - _postNewSessionCommand - New Session Created: 778299a0-b89f-11ea-8446-4b119d863898
[INFO  - 2020-06-27T17:56:24.408Z] ShutdownReqHand - _handle - About to shutdown
[INFO  - 2020-06-27T17:56:27.402Z] GhostDriver - Main - running on port 31751
[INFO  - 2020-06-27T17:56:28.013Z] Session [86408e70-b89f-11ea-a787-c79970a94ab2] - page.settings - {"XSSAuditingEnabled":false,"javascriptCanCloseWindows":true,"javascriptCanOpenWindows":true,"javascriptEnabled":true,"loadImages":true,"localToRemoteUrlAccessEnabled":false,"userAgent":"Mozilla/5.0 (Windows NT 6.2; WOW64) AppleWebKit/538.1 (KHTML, like Gecko) PhantomJS/2.1.1 Safari/538.1","webSecurityEnabled":true}
[INFO  - 2020-06-27T17:56:28.014Z] Session [86408e70-b89f-11ea-a787-c79970a94ab2] - page.customHeaders:  - {}
[INFO  - 2020-06-27T17:56:28.014Z] Session [86408e70-b89f-11ea-a787-c79970a94ab2] - Session.negotiatedCapabilities - {"browserName":"phantomjs","version":"2.1.1","driverName":"ghostdriver","driverVersion":"1.2.0","platform":"windows-10-32bit","javascriptEnabled":true,"takesScreenshot":true,"handlesAlerts":false,"databaseEnabled":false,"locationContextEnabled":false,"applicationCacheEnabled":false,"browserConnectionEnabled":false,"cssSelectorsEnabled":true,"webStorageEnabled":false,"rotatable":false,"acceptSslCerts":false,"nativeEvents":true,"proxy":{"proxyType":"direct"}}
[INFO  - 2020-06-27T17:56:28.014Z] SessionManagerReqHand - _postNewSessionCommand - New Session Created: 86408e70-b89f-11ea-a787-c79970a94ab2
[INFO  - 2020-06-27T17:56:49.626Z] ShutdownReqHand - _handle - About to shutdown
[INFO  - 2020-06-27T17:56:52.063Z] GhostDriver - Main - running on port 12670
[INFO  - 2020-06-27T17:56:52.150Z] Session [94a47c60-b89f-11ea-9964-5dd4b0ce534e] - page.settings - {"XSSAuditingEnabled":false,"javascriptCanCloseWindows":true,"javascriptCanOpenWindows":true,"javascriptEnabled":true,"loadImages":true,"localToRemoteUrlAccessEnabled":false,"userAgent":"Mozilla/5.0 (Windows NT 6.2; WOW64) AppleWebKit/538.1 (KHTML, like Gecko) PhantomJS/2.1.1 Safari/538.1","webSecurityEnabled":true}
[INFO  - 2020-06-27T17:56:52.150Z] Session [94a47c60-b89f-11ea-9964-5dd4b0ce534e] - page.customHeaders:  - {}
[INFO  - 2020-06-27T17:56:52.151Z] Session [94a47c60-b89f-11ea-9964-5dd4b0ce534e] - Session.negotiatedCapabilities - {"browserName":"phantomjs","version":"2.1.1","driverName":"ghostdriver","driverVersion":"1.2.0","platform":"windows-10-32bit","javascriptEnabled":true,"takesScreenshot":true,"handlesAlerts":false,"databaseEnabled":false,"locationContextEnabled":false,"applicationCacheEnabled":false,"browserConnectionEnabled":false,"cssSelectorsEnabled":true,"webStorageEnabled":false,"rotatable":false,"acceptSslCerts":false,"nativeEvents":true,"proxy":{"proxyType":"direct"}}
[INFO  - 2020-06-27T17:56:52.152Z] SessionManagerReqHand - _postNewSessionCommand - New Session Created: 94a47c60-b89f-11ea-9964-5dd4b0ce534e
[INFO  - 2020-06-27T17:57:13.333Z] ShutdownReqHand - _handle - About to shutdown
[INFO  - 2020-06-27T17:57:16.347Z] GhostDriver - Main - running on port 45016
[INFO  - 2020-06-27T17:57:16.402Z] Session [a318e510-b89f-11ea-8d7e-e715c2da3896] - page.settings - {"XSSAuditingEnabled":false,"javascriptCanCloseWindows":true,"javascriptCanOpenWindows":true,"javascriptEnabled":true,"loadImages":true,"localToRemoteUrlAccessEnabled":false,"userAgent":"Mozilla/5.0 (Windows NT 6.2; WOW64) AppleWebKit/538.1 (KHTML, like Gecko) PhantomJS/2.1.1 Safari/538.1","webSecurityEnabled":true}
[INFO  - 2020-06-27T17:57:16.403Z] Session [a318e510-b89f-11ea-8d7e-e715c2da3896] - page.customHeaders:  - {}
[INFO  - 2020-06-27T17:57:16.403Z] Session [a318e510-b89f-11ea-8d7e-e715c2da3896] - Session.negotiatedCapabilities - {"browserName":"phantomjs","version":"2.1.1","driverName":"ghostdriver","driverVersion":"1.2.0","platform":"windows-10-32bit","javascriptEnabled":true,"takesScreenshot":true,"handlesAlerts":false,"databaseEnabled":false,"locationContextEnabled":false,"applicationCacheEnabled":false,"browserConnectionEnabled":false,"cssSelectorsEnabled":true,"webStorageEnabled":false,"rotatable":false,"acceptSslCerts":false,"nativeEvents":true,"proxy":{"proxyType":"direct"}}
[INFO  - 2020-06-27T17:57:16.404Z] SessionManagerReqHand - _postNewSessionCommand - New Session Created: a318e510-b89f-11ea-8d7e-e715c2da3896
[INFO  - 2020-06-27T17:57:37.519Z] ShutdownReqHand - _handle - About to shutdown
[INFO  - 2020-06-27T17:57:40.645Z] GhostDriver - Main - running on port 11762
[INFO  - 2020-06-27T17:57:41.265Z] Session [b1ea61e0-b89f-11ea-bfbb-d176047ec532] - page.settings - {"XSSAuditingEnabled":false,"javascriptCanCloseWindows":true,"javascriptCanOpenWindows":true,"javascriptEnabled":true,"loadImages":true,"localToRemoteUrlAccessEnabled":false,"userAgent":"Mozilla/5.0 (Windows NT 6.2; WOW64) AppleWebKit/538.1 (KHTML, like Gecko) PhantomJS/2.1.1 Safari/538.1","webSecurityEnabled":true}
[INFO  - 2020-06-27T17:57:41.265Z] Session [b1ea61e0-b89f-11ea-bfbb-d176047ec532] - page.customHeaders:  - {}
[INFO  - 2020-06-27T17:57:41.266Z] Session [b1ea61e0-b89f-11ea-bfbb-d176047ec532] - Session.negotiatedCapabilities - {"browserName":"phantomjs","version":"2.1.1","driverName":"ghostdriver","driverVersion":"1.2.0","platform":"windows-10-32bit","javascriptEnabled":true,"takesScreenshot":true,"handlesAlerts":false,"databaseEnabled":false,"locationContextEnabled":false,"applicationCacheEnabled":false,"browserConnectionEnabled":false,"cssSelectorsEnabled":true,"webStorageEnabled":false,"rotatable":false,"acceptSslCerts":false,"nativeEvents":true,"proxy":{"proxyType":"direct"}}
[INFO  - 2020-06-27T17:57:41.267Z] SessionManagerReqHand - _postNewSessionCommand - New Session Created: b1ea61e0-b89f-11ea-bfbb-d176047ec532
[INFO  - 2020-06-27T17:58:06.882Z] ShutdownReqHand - _handle - About to shutdown
[INFO  - 2020-06-27T17:58:09.527Z] GhostDriver - Main - running on port 32060
[INFO  - 2020-06-27T17:58:10.079Z] Session [c31781f0-b89f-11ea-b707-277227ce8533] - page.settings - {"XSSAuditingEnabled":false,"javascriptCanCloseWindows":true,"javascriptCanOpenWindows":true,"javascriptEnabled":true,"loadImages":true,"localToRemoteUrlAccessEnabled":false,"userAgent":"Mozilla/5.0 (Windows NT 6.2; WOW64) AppleWebKit/538.1 (KHTML, like Gecko) PhantomJS/2.1.1 Safari/538.1","webSecurityEnabled":true}
[INFO  - 2020-06-27T17:58:10.080Z] Session [c31781f0-b89f-11ea-b707-277227ce8533] - page.customHeaders:  - {}
[INFO  - 2020-06-27T17:58:10.080Z] Session [c31781f0-b89f-11ea-b707-277227ce8533] - Session.negotiatedCapabilities - {"browserName":"phantomjs","version":"2.1.1","driverName":"ghostdriver","driverVersion":"1.2.0","platform":"windows-10-32bit","javascriptEnabled":true,"takesScreenshot":true,"handlesAlerts":false,"databaseEnabled":false,"locationContextEnabled":false,"applicationCacheEnabled":false,"browserConnectionEnabled":false,"cssSelectorsEnabled":true,"webStorageEnabled":false,"rotatable":false,"acceptSslCerts":false,"nativeEvents":true,"proxy":{"proxyType":"direct"}}
[INFO  - 2020-06-27T17:58:10.081Z] SessionManagerReqHand - _postNewSessionCommand - New Session Created: c31781f0-b89f-11ea-b707-277227ce8533
[INFO  - 2020-06-27T17:58:39.475Z] ShutdownReqHand - _handle - About to shutdown
[INFO  - 2020-06-27T17:58:42.072Z] GhostDriver - Main - running on port 28369
[INFO  - 2020-06-27T17:58:42.531Z] Session [d66e38c0-b89f-11ea-83c5-55acd4ea001b] - page.settings - {"XSSAuditingEnabled":false,"javascriptCanCloseWindows":true,"javascriptCanOpenWindows":true,"javascriptEnabled":true,"loadImages":true,"localToRemoteUrlAccessEnabled":false,"userAgent":"Mozilla/5.0 (Windows NT 6.2; WOW64) AppleWebKit/538.1 (KHTML, like Gecko) PhantomJS/2.1.1 Safari/538.1","webSecurityEnabled":true}
[INFO  - 2020-06-27T17:58:42.532Z] Session [d66e38c0-b89f-11ea-83c5-55acd4ea001b] - page.customHeaders:  - {}
[INFO  - 2020-06-27T17:58:42.533Z] Session [d66e38c0-b89f-11ea-83c5-55acd4ea001b] - Session.negotiatedCapabilities - {"browserName":"phantomjs","version":"2.1.1","driverName":"ghostdriver","driverVersion":"1.2.0","platform":"windows-10-32bit","javascriptEnabled":true,"takesScreenshot":true,"handlesAlerts":false,"databaseEnabled":false,"locationContextEnabled":false,"applicationCacheEnabled":false,"browserConnectionEnabled":false,"cssSelectorsEnabled":true,"webStorageEnabled":false,"rotatable":false,"acceptSslCerts":false,"nativeEvents":true,"proxy":{"proxyType":"direct"}}
[INFO  - 2020-06-27T17:58:42.533Z] SessionManagerReqHand - _postNewSessionCommand - New Session Created: d66e38c0-b89f-11ea-83c5-55acd4ea001b
[INFO  - 2020-06-27T17:59:02.071Z] ShutdownReqHand - _handle - About to shutdown
[INFO  - 2020-06-27T17:59:04.673Z] GhostDriver - Main - running on port 30539
[INFO  - 2020-06-27T17:59:05.312Z] Session [e4016930-b89f-11ea-88bc-17791ed69d70] - page.settings - {"XSSAuditingEnabled":false,"javascriptCanCloseWindows":true,"javascriptCanOpenWindows":true,"javascriptEnabled":true,"loadImages":true,"localToRemoteUrlAccessEnabled":false,"userAgent":"Mozilla/5.0 (Windows NT 6.2; WOW64) AppleWebKit/538.1 (KHTML, like Gecko) PhantomJS/2.1.1 Safari/538.1","webSecurityEnabled":true}
[INFO  - 2020-06-27T17:59:05.312Z] Session [e4016930-b89f-11ea-88bc-17791ed69d70] - page.customHeaders:  - {}
[INFO  - 2020-06-27T17:59:05.313Z] Session [e4016930-b89f-11ea-88bc-17791ed69d70] - Session.negotiatedCapabilities - {"browserName":"phantomjs","version":"2.1.1","driverName":"ghostdriver","driverVersion":"1.2.0","platform":"windows-10-32bit","javascriptEnabled":true,"takesScreenshot":true,"handlesAlerts":false,"databaseEnabled":false,"locationContextEnabled":false,"applicationCacheEnabled":false,"browserConnectionEnabled":false,"cssSelectorsEnabled":true,"webStorageEnabled":false,"rotatable":false,"acceptSslCerts":false,"nativeEvents":true,"proxy":{"proxyType":"direct"}}
[INFO  - 2020-06-27T17:59:05.314Z] SessionManagerReqHand - _postNewSessionCommand - New Session Created: e4016930-b89f-11ea-88bc-17791ed69d70
[INFO  - 2020-06-27T17:59:24.877Z] ShutdownReqHand - _handle - About to shutdown
[INFO  - 2020-06-27T17:59:27.894Z] GhostDriver - Main - running on port 4187
[INFO  - 2020-06-27T17:59:27.962Z] Session [f1835b90-b89f-11ea-ae27-7541ebfdbb7b] - page.settings - {"XSSAuditingEnabled":false,"javascriptCanCloseWindows":true,"javascriptCanOpenWindows":true,"javascriptEnabled":true,"loadImages":true,"localToRemoteUrlAccessEnabled":false,"userAgent":"Mozilla/5.0 (Windows NT 6.2; WOW64) AppleWebKit/538.1 (KHTML, like Gecko) PhantomJS/2.1.1 Safari/538.1","webSecurityEnabled":true}
[INFO  - 2020-06-27T17:59:27.962Z] Session [f1835b90-b89f-11ea-ae27-7541ebfdbb7b] - page.customHeaders:  - {}
[INFO  - 2020-06-27T17:59:27.963Z] Session [f1835b90-b89f-11ea-ae27-7541ebfdbb7b] - Session.negotiatedCapabilities - {"browserName":"phantomjs","version":"2.1.1","driverName":"ghostdriver","driverVersion":"1.2.0","platform":"windows-10-32bit","javascriptEnabled":true,"takesScreenshot":true,"handlesAlerts":false,"databaseEnabled":false,"locationContextEnabled":false,"applicationCacheEnabled":false,"browserConnectionEnabled":false,"cssSelectorsEnabled":true,"webStorageEnabled":false,"rotatable":false,"acceptSslCerts":false,"nativeEvents":true,"proxy":{"proxyType":"direct"}}
[INFO  - 2020-06-27T17:59:27.963Z] SessionManagerReqHand - _postNewSessionCommand - New Session Created: f1835b90-b89f-11ea-ae27-7541ebfdbb7b
[INFO  - 2020-06-27T17:59:47.083Z] ShutdownReqHand - _handle - About to shutdown
[INFO  - 2020-06-27T17:59:50.165Z] GhostDriver - Main - running on port 44285
[INFO  - 2020-06-27T17:59:50.835Z] Session [ff255910-b89f-11ea-a645-d916426312a3] - page.settings - {"XSSAuditingEnabled":false,"javascriptCanCloseWindows":true,"javascriptCanOpenWindows":true,"javascriptEnabled":true,"loadImages":true,"localToRemoteUrlAccessEnabled":false,"userAgent":"Mozilla/5.0 (Windows NT 6.2; WOW64) AppleWebKit/538.1 (KHTML, like Gecko) PhantomJS/2.1.1 Safari/538.1","webSecurityEnabled":true}
[INFO  - 2020-06-27T17:59:50.836Z] Session [ff255910-b89f-11ea-a645-d916426312a3] - page.customHeaders:  - {}
[INFO  - 2020-06-27T17:59:50.836Z] Session [ff255910-b89f-11ea-a645-d916426312a3] - Session.negotiatedCapabilities - {"browserName":"phantomjs","version":"2.1.1","driverName":"ghostdriver","driverVersion":"1.2.0","platform":"windows-10-32bit","javascriptEnabled":true,"takesScreenshot":true,"handlesAlerts":false,"databaseEnabled":false,"locationContextEnabled":false,"applicationCacheEnabled":false,"browserConnectionEnabled":false,"cssSelectorsEnabled":true,"webStorageEnabled":false,"rotatable":false,"acceptSslCerts":false,"nativeEvents":true,"proxy":{"proxyType":"direct"}}
[INFO  - 2020-06-27T17:59:50.836Z] SessionManagerReqHand - _postNewSessionCommand - New Session Created: ff255910-b89f-11ea-a645-d916426312a3
[INFO  - 2020-06-27T18:00:09.537Z] ShutdownReqHand - _handle - About to shutdown
[INFO  - 2020-06-27T18:00:11.915Z] GhostDriver - Main - running on port 46555
[INFO  - 2020-06-27T18:00:11.996Z] Session [0bc43e70-b8a0-11ea-98f2-f5ab448f47cc] - page.settings - {"XSSAuditingEnabled":false,"javascriptCanCloseWindows":true,"javascriptCanOpenWindows":true,"javascriptEnabled":true,"loadImages":true,"localToRemoteUrlAccessEnabled":false,"userAgent":"Mozilla/5.0 (Windows NT 6.2; WOW64) AppleWebKit/538.1 (KHTML, like Gecko) PhantomJS/2.1.1 Safari/538.1","webSecurityEnabled":true}
[INFO  - 2020-06-27T18:00:11.996Z] Session [0bc43e70-b8a0-11ea-98f2-f5ab448f47cc] - page.customHeaders:  - {}
[INFO  - 2020-06-27T18:00:11.996Z] Session [0bc43e70-b8a0-11ea-98f2-f5ab448f47cc] - Session.negotiatedCapabilities - {"browserName":"phantomjs","version":"2.1.1","driverName":"ghostdriver","driverVersion":"1.2.0","platform":"windows-10-32bit","javascriptEnabled":true,"takesScreenshot":true,"handlesAlerts":false,"databaseEnabled":false,"locationContextEnabled":false,"applicationCacheEnabled":false,"browserConnectionEnabled":false,"cssSelectorsEnabled":true,"webStorageEnabled":false,"rotatable":false,"acceptSslCerts":false,"nativeEvents":true,"proxy":{"proxyType":"direct"}}
[INFO  - 2020-06-27T18:00:11.996Z] SessionManagerReqHand - _postNewSessionCommand - New Session Created: 0bc43e70-b8a0-11ea-98f2-f5ab448f47cc
[INFO  - 2020-06-27T18:00:33.159Z] ShutdownReqHand - _handle - About to shutdown
[INFO  - 2020-06-27T18:00:36.145Z] GhostDriver - Main - running on port 19233
[INFO  - 2020-06-27T18:00:36.215Z] Session [1a321770-b8a0-11ea-8af1-1fc8f4dc1937] - page.settings - {"XSSAuditingEnabled":false,"javascriptCanCloseWindows":true,"javascriptCanOpenWindows":true,"javascriptEnabled":true,"loadImages":true,"localToRemoteUrlAccessEnabled":false,"userAgent":"Mozilla/5.0 (Windows NT 6.2; WOW64) AppleWebKit/538.1 (KHTML, like Gecko) PhantomJS/2.1.1 Safari/538.1","webSecurityEnabled":true}
[INFO  - 2020-06-27T18:00:36.215Z] Session [1a321770-b8a0-11ea-8af1-1fc8f4dc1937] - page.customHeaders:  - {}
[INFO  - 2020-06-27T18:00:36.216Z] Session [1a321770-b8a0-11ea-8af1-1fc8f4dc1937] - Session.negotiatedCapabilities - {"browserName":"phantomjs","version":"2.1.1","driverName":"ghostdriver","driverVersion":"1.2.0","platform":"windows-10-32bit","javascriptEnabled":true,"takesScreenshot":true,"handlesAlerts":false,"databaseEnabled":false,"locationContextEnabled":false,"applicationCacheEnabled":false,"browserConnectionEnabled":false,"cssSelectorsEnabled":true,"webStorageEnabled":false,"rotatable":false,"acceptSslCerts":false,"nativeEvents":true,"proxy":{"proxyType":"direct"}}
[INFO  - 2020-06-27T18:00:36.216Z] SessionManagerReqHand - _postNewSessionCommand - New Session Created: 1a321770-b8a0-11ea-8af1-1fc8f4dc1937
[INFO  - 2020-06-27T18:00:48.147Z] ShutdownReqHand - _handle - About to shutdown
